<?xml version="1.0" encoding="utf-8" ?>
<EplanPxfRoot Name="F06_001_en_US" Type="Form" Version="2022.0.17406" PxfVersion="1.23" SchemaVersion="1.7.17406" Source="" SourceProject="D:\Master Data\Forms\Translate20.elk" Description="" ConfigurationFlags="65536" NumMainObjects="0" NumProjectSteps="0" NumMDSteps="0" StreamSchema="EBitmap, ,2,1,2;EPosition3D, ,0,3,2;ERay3D, ,0,4,2;EStreamableVector, ,0,5,2;BaseTextLine@W3D, ,2,9,2;Box3d@W3D, ,0,10,2;DMNCDataSet, ,1,12,2;DMNCDataSetVector, ,1,13,2;Linetype@W3D, ,0,15,2;Color@W3D, ,0,16,2;Material@W3D, ,3,17,2;Mesh3d@W3D, ,8,19,2;Mesh3dX@W3D, ,2,20,2;MeshBox@W3D, ,5,21,2;MeshEdge3d@W3D, ,0,22,2;MeshFace3d@W3D, ,2,23,2;MeshPoint3d@W3D, ,1,24,2;MeshPolygon3d@W3D, ,1,25,2;MeshSimpleTextureTriangle3d@W3D, ,2,26,2;MeshSimpleTriangle3d@W3D, ,1,27,2;MeshText3dX@W3D, ,0,28,2;MeshTriangle3d@W3D, ,2,29,2;MeshTriangleFace3d@W3D, ,0,30,2;MeshTriangleFaceEdge3D@W3D, ,0,31,2;CTexture@W3D,W3dBaseGeometry,0,81,2;MeshMate@W3D,W3dMeshModeller,7,82,2;MeshMateFace@W3D,W3dMeshModeller,1,83,2;MeshMateGrid@W3D,W3dMeshModeller,8,84,2;MeshMateGridLine@W3D,W3dMeshModeller,1,85,2;MeshMateLine@W3D,W3dMeshModeller,1,86,2">
 <O76 Build="17406" A1="76/116489" A3="0" A13="0" A14="0" A1422="1" A1423="1" A1424="0" A1425="" A1426="1000" A1427="0" A1428="5" A1429="0" A1430="1" A1433="0" A1434="0" A1435="0">
 <S54x1432 A961="2" A962="0" A963="0" A964="0" A965="0" A966="7" A967="0" A968="0" A969="0" A4000="100" A4001="0" A4013="0"/>
 </O76>
 <O51 Build="17406" A1="51/116434" A3="0" A13="0" A14="0" A404="1" A405="64" A406="0" A407="0" A431="1" A901="14" A902="F06_001_en_US">
 <P11 P13002="0" P13004="0" P13005="33" P13006="0" P13007="14.56" P13008="0" P13013="0" P13014="0" P13019="1;1|5;1|6;:|5;1|3;1|5;1|6;-|5;1|4;1" P13028="0" P14020="EPL" P14021="1054954275" P14022="EPL" P14023="1615977345" P18000="F06_001_en_US" P18011="de_DE@Inhaltsverzeichnis&#10;ANSI D Querformat&#10;1 Spalte&#10;33 Zeilen;en_US@Table of contents&#10;ANSI D Landscape format&#10;1 Column&#10;33 Rows;es_ES@Indice de páginas&#10;ANSI D Formato horizontal&#10;1 Columna&#10;33 Filas;fr_FR@Table des matières&#10;ANSI D Format paysage&#10;1 Colonne&#10;33 Lignes;nl_NL@Inhoudsopgave&#10;ANSI D Liggend&#10;1 Kolom&#10;33 Rijen;sv_SE@Innehållsförteckning&#10;ANSI D Liggande&#10;1 Kolumn&#10;33 Rader;da_DK@Indholdsfortegnelse&#10;ANSI D Tværformat&#10;1 Spalte&#10;33 Rækken;ru_RU@Содержание&#10;ANSI D Гориз. формат&#10;1 Столбец&#10;33 Строки;zh_CN@目录&#10;ANSI D 水平格式&#10;1 列&#10;33 行;pl_PL@Spis treści&#10;ANSI D Format poziomy&#10;1 Kolumna&#10;33 Wiersze;pt_BR@Índice&#10;ANSI D Formato paisagem&#10;1 Coluna&#10;33 Linhas;cs_CZ@Obsah&#10;ANSI D Formát na šířku&#10;1 Sloupec&#10;33 Řádky;it_IT@Sommario delle pagine&#10;ANSI D Orizzontale&#10;1 Colonna&#10;33 Righe;hu_HU@Tartalomjegyzék&#10;ANSI D Keresztformátum&#10;1 Oszlop&#10;33 Sorok;pt_PT@Tabela de conteúdos&#10;ANSI D Formato horizontal&#10;1 Coluna&#10;33 Linhas;ko_KR@목차&#10;ANSI D 가로 형식&#10;1 열&#10;33 행;ja_JP@目次&#10;ANSI D 横長書式&#10;1 列&#10;33 行;tr_TR@İçindekiler dizini&#10;ANSI D Yatay format&#10;1 Sütun&#10;33 Satırlar;ro_RO@Cuprins&#10;ANSI D Tip vedere&#10;1 Coloană&#10;33 Rânduri;zh_TW@目錄&#10;ANSI D 橫向格式&#10;1 欄&#10;33 列;" P18061="4"/>
 <O30 Build="17406" A1="30/116435" A3="0" A13="0" A14="0" A404="49" A405="64" A406="0" A407="0" A411="200" A412="L" A413="L" A414="L" A415="L" A416="0" A501="782.92/524.46" A503="0" A506="25" A511="de_DE@Bearbeiter;en_US@Edited by;nl_NL@Bewerker;es_ES@Responsable;da_DK@Redigeret af;fr_FR@Editeur;sv_SE@Redigerare;ru_RU@Обработчик;zh_CN@编辑者;pl_PL@Opracował;pt_BR@Editor;cs_CZ@Zpracoval;it_IT@Elaboratore;hu_HU@Szerkesztő;pt_PT@Editor;ko_KR@편집자;ja_JP@編集者;tr_TR@Düzenleyen;ro_RO@Editor;zh_TW@編輯者;">
 <S54x505 A961="5.2" A962="0" A963="0" A964="L" A965="16" A966="5" A967="45.76" A968="14.56" A969="0" A4000="L" A4001="L" A4013="0"/>
 </O30>
 <O31 Build="17406" A1="31/116436" A3="0" A13="0" A14="0" A404="1" A405="64" A406="0" A407="0" A411="200" A412="0" A413="L" A414="0.25" A415="L" A416="1" A531="19.56/371.58" A532="843.24/371.58"/>
 <O31 Build="17406" A1="31/116437" A3="0" A13="0" A14="0" A404="1" A405="64" A406="0" A407="0" A411="200" A412="0" A413="L" A414="0.13" A415="L" A416="1" A531="19.56/386.14" A532="843.24/386.14"/>
 <O31 Build="17406" A1="31/116438" A3="0" A13="0" A14="0" A404="1" A405="64" A406="0" A407="0" A411="200" A412="0" A413="L" A414="0.13" A415="L" A416="1" A531="19.56/342.46" A532="843.24/342.46"/>
 <O31 Build="17406" A1="31/116439" A3="0" A13="0" A14="0" A404="1" A405="64" A406="0" A407="0" A411="200" A412="0" A413="L" A414="0.13" A415="L" A416="1" A531="19.56/313.34" A532="843.24/313.34"/>
 <O31 Build="17406" A1="31/116440" A3="0" A13="0" A14="0" A404="1" A405="64" A406="0" A407="0" A411="200" A412="0" A413="L" A414="0.13" A415="L" A416="1" A531="19.56/284.22" A532="843.24/284.22"/>
 <O31 Build="17406" A1="31/116441" A3="0" A13="0" A14="0" A404="1" A405="64" A406="0" A407="0" A411="200" A412="0" A413="L" A414="0.13" A415="L" A416="1" A531="19.56/255.1" A532="843.24/255.1"/>
 <O31 Build="17406" A1="31/116442" A3="0" A13="0" A14="0" A404="1" A405="64" A406="0" A407="0" A411="200" A412="0" A413="L" A414="0.25" A415="L" A416="1" A531="19.56/298.78" A532="843.24/298.78"/>
 <O31 Build="17406" A1="31/116443" A3="0" A13="0" A14="0" A404="1" A405="64" A406="0" A407="0" A411="200" A412="0" A413="L" A414="0.25" A415="L" A416="1" A531="19.56/225.98" A532="843.24/225.98"/>
 <O31 Build="17406" A1="31/116444" A3="0" A13="0" A14="0" A404="1" A405="64" A406="0" A407="0" A411="200" A412="0" A413="L" A414="0.25" A415="L" A416="1" A531="19.56/153.18" A532="843.24/153.18"/>
 <O30 Build="17406" A1="30/116445" A3="0" A13="0" A14="0" A404="17" A405="64" A406="0" A407="0" A411="200" A412="L" A413="L" A414="L" A415="L" A416="0" A501="735.08/540.06" A503="0" A506="0" A511="de_DE@Spalte X: eine automatisch erzeugte Seite wurde manuell nachbearbeitet;en_US@Column X: An automatically generated page was edited;da_DK@Spalte X: En automatisk fremstillet side blev efterlignet manuelt;sv_SE@Kolumn X: ett automatist genererat blad har efterredigerats manuellt;nl_NL@Kolom X: een automatisch gegenereerde pagina is handmatig bewerkt;fr_FR@Colonne X : une page créée automatiquement a été modifiée manuellement;es_ES@Columna X: una página creada automáticamente se ha modificado de forma manual;ru_RU@Столбец X: автоматически сгенерированная страница была доработана вручную;zh_CN@栏 X:一自动生成的页被手工修改;pl_PL@Kolumna X: automatycznie wygenerowana strona została edytowana ręcznie;pt_BR@Coluna X: uma página gerada automaticamente foi alterada manualmente;cs_CZ@Sloupec X: Automaticky generovaná strana byla dodatečně ručně upravena;it_IT@Colonna X: una pagina generata automaticamente è stata redatta manualmente;hu_HU@X oszlop: Egy automatikusan generált tervlap kézzel került utószerkesztésre;pt_PT@Coluna X: uma página gerada automaticamente foi alterada manualmente;ko_KR@열 X: 자동으로 생성된 페이지가 편집되었습니다;ja_JP@列 X: 自動生成ページが編集されている;tr_TR@X sütunu: Otomatik olarak oluşturulan bir sayfa manüel olarak düzenlendi;ro_RO@Coloana X: o pagină generată automat a fost post-editată manual;zh_TW@X 欄：已編輯自動產生的頁面;">
 <S54x505 A961="5.2" A962="0" A963="0" A964="L" A965="0" A966="12" A967="0" A968="0" A969="0" A4000="L" A4001="L" A4013="0"/>
 </O30>
 <O31 Build="17406" A1="31/116446" A3="0" A13="0" A14="0" A404="1" A405="64" A406="0" A407="0" A411="200" A412="0" A413="L" A414="0.25" A415="L" A416="1" A531="809.96/531.74" A532="809.96/36.7"/>
 <O89 Build="17406" A1="89/116447" A3="0" A13="0" A14="0" A404="1" A405="64" A406="0" A407="0" A411="200" A412="0" A413="L" A414="0.35" A415="L" A416="1" A1651="19.56/36.7" A1652="843.24/531.74" A1653="0" A1654="0" A1655="0" A1656="0" A1657="0"/>
 <O30 Build="17406" A1="30/116448" A3="0" A13="0" A14="0" A404="49" A405="64" A406="0" A407="0" A411="200" A412="L" A413="L" A414="L" A415="L" A416="0" A501="597.8/524.46" A503="0" A506="25" A511="de_DE@Seitenzusatzfeld;en_US@supplementary page field;da_DK@Sidetillægsfelt;sv_SE@Sidoextrafält;nl_NL@Extra paginaveld;fr_FR@Champ supplémentaire de page;es_ES@Campo adicional de página;ru_RU@Доп. поле страницы;zh_CN@增补页字段;pl_PL@Dodatkowe pole strony;pt_BR@Campo suplementar de páginas;cs_CZ@Doplňkové pole strany;it_IT@Campo aggiuntivo delle pagine;hu_HU@Tervlap kiegészítő mező;pt_PT@Campo suplementar da página;ko_KR@보조 페이지 필드;ja_JP@補足ページ フィールド;tr_TR@Sayfa ek alanı;ro_RO@Câmp suplimentar pagini;zh_TW@補充頁面欄位;">
 <S54x505 A961="5.2" A962="0" A963="0" A964="L" A965="16" A966="5" A967="158.08" A968="14.56" A969="0" A4000="L" A4001="L" A4013="0"/>
 </O30>
 <O31 Build="17406" A1="31/116449" A3="0" A13="0" A14="0" A404="1" A405="64" A406="0" A407="0" A411="200" A412="0" A413="L" A414="0.25" A415="L" A416="1" A531="514.6/531.74" A532="514.6/36.7"/>
 <O30 Build="17406" A1="30/116450" A3="0" A13="0" A14="0" A404="17" A405="64" A406="0" A407="0" A411="200" A412="L" A413="L" A414="L" A415="L" A416="0" A501="19.56/540.06" A503="0" A506="0" A511="de_DE@Inhaltsverzeichnis;en_US@Table of contents;da_DK@Indholdsfortegnelse;sv_SE@Innehållsförteckning;nl_NL@Inhoudsopgave;fr_FR@Table des matières;es_ES@Indice de páginas;ru_RU@Содержание;zh_CN@目录;pl_PL@Spis treści;pt_BR@Índice;cs_CZ@Obsah;it_IT@Sommario delle pagine;hu_HU@Tartalomjegyzék;pt_PT@Tabela de conteúdos;ko_KR@목차;ja_JP@目次;tr_TR@İçindekiler dizini;ro_RO@Cuprins;zh_TW@目錄;">
 <S54x505 A961="12.48" A962="0" A963="0" A964="L" A965="0" A966="10" A967="0" A968="0" A969="0" A4000="L" A4001="L" A4013="0"/>
 </O30>
 <O30 Build="17406" A1="30/116451" A3="0" A13="0" A14="0" A404="49" A405="64" A406="0" A407="0" A411="200" A412="L" A413="L" A414="L" A415="L" A416="0" A501="718.44/524.46" A503="0" A506="25" A511="de_DE@Datum;en_US@Date;da_DK@Dato;sv_SE@Datum;nl_NL@Datum;fr_FR@Date;es_ES@Fecha;ru_RU@Дата;zh_CN@日期;pl_PL@Data;pt_BR@Data;cs_CZ@Datum;it_IT@Data;hu_HU@Dátum;pt_PT@Data;ko_KR@날짜;ja_JP@日付;tr_TR@Tarih;ro_RO@Data;zh_TW@日期;">
 <S54x505 A961="5.2" A962="0" A963="0" A964="L" A965="16" A966="5" A967="66.56" A968="14.56" A969="0" A4000="L" A4001="L" A4013="0"/>
 </O30>
 <O30 Build="17406" A1="30/116452" A3="0" A13="0" A14="0" A404="49" A405="64" A406="0" A407="0" A411="200" A412="L" A413="L" A414="L" A415="L" A416="0" A501="337.8/524.46" A503="0" A506="25" A511="de_DE@Seitenbeschreibung;en_US@Page description;da_DK@Sidebeskrivelse;sv_SE@Bladbeskrivning;nl_NL@Paginabeschrijving;fr_FR@Description de page;es_ES@Descripción de página;ru_RU@Описание страниц;zh_CN@页描述;pl_PL@Opis stron;pt_BR@Descrição da página;cs_CZ@Popis stran;it_IT@Descrizione pagina;hu_HU@Tervlap leírás;pt_PT@Descrição da página;ko_KR@페이지 설명;ja_JP@ページ説明;tr_TR@Sayfa açıklaması;ro_RO@Descriere pagină;zh_TW@頁面說明;">
 <S54x505 A961="5.2" A962="0" A963="0" A964="L" A965="16" A966="5" A967="345.28" A968="14.56" A969="0" A4000="L" A4001="L" A4013="0"/>
 </O30>
 <O31 Build="17406" A1="31/116453" A3="0" A13="0" A14="0" A404="1" A405="64" A406="0" A407="0" A411="200" A412="0" A413="L" A414="0.13" A415="L" A416="1" A531="19.56/488.06" A532="843.24/488.06"/>
 <O31 Build="17406" A1="31/116454" A3="0" A13="0" A14="0" A404="1" A405="64" A406="0" A407="0" A411="200" A412="0" A413="L" A414="0.13" A415="L" A416="1" A531="19.56/502.62" A532="843.24/502.62"/>
 <O31 Build="17406" A1="31/116455" A3="0" A13="0" A14="0" A404="1" A405="64" A406="0" A407="0" A411="200" A412="0" A413="L" A414="0.13" A415="L" A416="1" A531="19.56/458.94" A532="843.24/458.94"/>
 <O31 Build="17406" A1="31/116456" A3="0" A13="0" A14="0" A404="1" A405="64" A406="0" A407="0" A411="200" A412="0" A413="L" A414="0.13" A415="L" A416="1" A531="19.56/429.82" A532="843.24/429.82"/>
 <O31 Build="17406" A1="31/116457" A3="0" A13="0" A14="0" A404="1" A405="64" A406="0" A407="0" A411="200" A412="0" A413="L" A414="0.25" A415="L" A416="1" A531="19.56/444.38" A532="843.24/444.38"/>
 <O31 Build="17406" A1="31/116458" A3="0" A13="0" A14="0" A404="1" A405="64" A406="0" A407="0" A411="200" A412="0" A413="L" A414="0.13" A415="L" A416="1" A531="19.56/400.7" A532="843.24/400.7"/>
 <O31 Build="17406" A1="31/116459" A3="0" A13="0" A14="0" A404="1" A405="64" A406="0" A407="0" A411="200" A412="0" A413="L" A414="0.13" A415="L" A416="1" A531="19.56/415.26" A532="843.24/415.26"/>
 <O31 Build="17406" A1="31/116460" A3="0" A13="0" A14="0" A404="1" A405="64" A406="0" A407="0" A411="200" A412="0" A413="L" A414="0.25" A415="L" A416="1" A531="755.88/531.74" A532="755.88/36.7"/>
 <O31 Build="17406" A1="31/116461" A3="0" A13="0" A14="0" A404="1" A405="64" A406="0" A407="0" A411="200" A412="0" A413="L" A414="0.13" A415="L" A416="1" A531="19.56/196.86" A532="843.24/196.86"/>
 <O31 Build="17406" A1="31/116462" A3="0" A13="0" A14="0" A404="1" A405="64" A406="0" A407="0" A411="200" A412="0" A413="L" A414="0.25" A415="L" A416="1" A531="19.56/517.18" A532="843.24/517.18"/>
 <O31 Build="17406" A1="31/116463" A3="0" A13="0" A14="0" A404="1" A405="64" A406="0" A407="0" A411="200" A412="0" A413="L" A414="0.13" A415="L" A416="1" A531="19.56/211.42" A532="843.24/211.42"/>
 <O31 Build="17406" A1="31/116464" A3="0" A13="0" A14="0" A404="1" A405="64" A406="0" A407="0" A411="200" A412="0" A413="L" A414="0.13" A415="L" A416="1" A531="19.56/167.74" A532="843.24/167.74"/>
 <O31 Build="17406" A1="31/116465" A3="0" A13="0" A14="0" A404="1" A405="64" A406="0" A407="0" A411="200" A412="0" A413="L" A414="0.13" A415="L" A416="1" A531="19.56/182.3" A532="843.24/182.3"/>
 <O53 Build="17406" A1="53/116466" A3="0" A13="0" A14="0" A404="1" A405="64" A406="0" A407="0" A411="452" A412="0" A413="L" A414="L" A415="L" A416="0" A501="843.24/540.06" A503="0" A506="0" A771="11015" A772="0" A773="0" A774="0" A951="4" A952="0" A953="0" A954="0" A955="0">
 <S54x505 A961="5.2" A962="0" A963="0" A964="L" A965="0" A966="12" A967="0" A968="0" A969="0" A4000="L" A4001="L" A4013="0"/>
 </O53>
 <O31 Build="17406" A1="31/116467" A3="0" A13="0" A14="0" A404="1" A405="64" A406="0" A407="0" A411="200" A412="0" A413="L" A414="0.13" A415="L" A416="1" A531="19.56/138.62" A532="843.24/138.62"/>
 <O31 Build="17406" A1="31/116468" A3="0" A13="0" A14="0" A404="1" A405="64" A406="0" A407="0" A411="200" A412="0" A413="L" A414="0.13" A415="L" A416="1" A531="19.56/109.5" A532="843.24/109.5"/>
 <O31 Build="17406" A1="31/116469" A3="0" A13="0" A14="0" A404="1" A405="64" A406="0" A407="0" A411="200" A412="0" A413="L" A414="0.25" A415="L" A416="1" A531="19.56/80.38" A532="843.24/80.38"/>
 <O31 Build="17406" A1="31/116470" A3="0" A13="0" A14="0" A404="1" A405="64" A406="0" A407="0" A411="200" A412="0" A413="L" A414="0.13" A415="L" A416="1" A531="19.56/94.94" A532="843.24/94.94"/>
 <O31 Build="17406" A1="31/116471" A3="0" A13="0" A14="0" A404="1" A405="64" A406="0" A407="0" A411="200" A412="0" A413="L" A414="0.13" A415="L" A416="1" A531="19.56/51.26" A532="843.24/51.26"/>
 <O31 Build="17406" A1="31/116472" A3="0" A13="0" A14="0" A404="1" A405="64" A406="0" A407="0" A411="200" A412="0" A413="L" A414="0.13" A415="L" A416="1" A531="19.56/65.82" A532="843.24/65.82"/>
 <O31 Build="17406" A1="31/116473" A3="0" A13="0" A14="0" A404="1" A405="64" A406="0" A407="0" A411="200" A412="0" A413="L" A414="0.13" A415="L" A416="1" A531="19.56/240.54" A532="843.24/240.54"/>
 <O31 Build="17406" A1="31/116474" A3="0" A13="0" A14="0" A404="1" A405="64" A406="0" A407="0" A411="200" A412="0" A413="L" A414="0.13" A415="L" A416="1" A531="19.56/357.02" A532="843.24/357.02"/>
 <O31 Build="17406" A1="31/116475" A3="0" A13="0" A14="0" A404="1" A405="64" A406="0" A407="0" A411="200" A412="0" A413="L" A414="0.13" A415="L" A416="1" A531="19.56/269.66" A532="843.24/269.66"/>
 <O31 Build="17406" A1="31/116476" A3="0" A13="0" A14="0" A404="1" A405="64" A406="0" A407="0" A411="200" A412="0" A413="L" A414="0.25" A415="L" A416="1" A531="161/531.74" A532="161/36.7"/>
 <O31 Build="17406" A1="31/116477" A3="0" A13="0" A14="0" A404="1" A405="64" A406="0" A407="0" A411="200" A412="0" A413="L" A414="0.13" A415="L" A416="1" A531="19.56/473.5" A532="843.24/473.5"/>
 <O31 Build="17406" A1="31/116478" A3="0" A13="0" A14="0" A404="1" A405="64" A406="0" A407="0" A411="200" A412="0" A413="L" A414="0.13" A415="L" A416="1" A531="19.56/327.9" A532="843.24/327.9"/>
 <O31 Build="17406" A1="31/116479" A3="0" A13="0" A14="0" A404="1" A405="64" A406="0" A407="0" A411="200" A412="0" A413="L" A414="0.13" A415="L" A416="1" A531="19.56/124.06" A532="843.24/124.06"/>
 <O30 Build="17406" A1="30/116480" A3="0" A13="0" A14="0" A404="49" A405="64" A406="0" A407="0" A411="200" A412="L" A413="L" A414="L" A415="L" A416="0" A501="826.6/524.46" A503="0" A506="25" A511="de_DE@X;en_US@X;da_DK@X;sv_SE@X;nl_NL@X;fr_FR@X;es_ES@X;ru_RU@X;zh_CN@X;pl_PL@X;pt_BR@X;cs_CZ@X;it_IT@X;hu_HU@X;pt_PT@X;ko_KR@X;ja_JP@X;tr_TR@X;ro_RO@X;zh_TW@X;">
 <S54x505 A961="5.2" A962="0" A963="0" A964="L" A965="16" A966="5" A967="24.96" A968="14.56" A969="0" A4000="L" A4001="L" A4013="0"/>
 </O30>
 <O30 Build="17406" A1="30/116481" A3="0" A13="0" A14="0" A404="49" A405="64" A406="0" A407="0" A411="200" A412="L" A413="L" A414="L" A415="L" A416="0" A501="90.28/524.46" A503="0" A506="25" A511="de_DE@Seite;en_US@Page;da_DK@Side;sv_SE@Blad;nl_NL@Pagina;fr_FR@Page;es_ES@Página;ru_RU@Страница;zh_CN@页;pl_PL@Strona;pt_BR@Página;cs_CZ@Strana;it_IT@Pagina;hu_HU@Tervlap;pt_PT@Página;ko_KR@페이지;ja_JP@ページ;tr_TR@Sayfa;ro_RO@Pagină;zh_TW@頁面;">
 <S54x505 A961="5.2" A962="0" A963="0" A964="L" A965="16" A966="5" A967="133.12" A968="14.56" A969="0" A4000="L" A4001="L" A4013="0"/>
 </O30>
 <O31 Build="17406" A1="31/116482" A3="0" A13="0" A14="0" A404="1" A405="64" A406="0" A407="0" A411="200" A412="0" A413="L" A414="0.25" A415="L" A416="1" A531="681/531.74" A532="681/36.7"/>
 <O52 Build="17406" A1="52/116483" A3="0" A13="0" A14="0" A404="1" A405="64" A406="0" A407="0" A411="450" A412="L" A413="L" A414="L" A415="L" A416="0" A501="24.76/509.9" A503="0" A506="0" A511="" A941="11009" A942="0" A943="20000" A944="0" A945="1" A946="0" A947="1" A949="-4" A950="" A4017="" A4019="2147483647" A4020="-1" A4051="-1" A4052="-2" A4064="0">
 <S54x505 A961="5.2" A962="0" A963="0" A964="L" A965="0" A966="4" A967="0" A968="0" A969="0" A4000="L" A4001="L" A4013="0"/>
 </O52>
 <O52 Build="17406" A1="52/116484" A3="0" A13="0" A14="0" A404="1" A405="64" A406="0" A407="0" A411="450" A412="L" A413="L" A414="L" A415="L" A416="0" A501="826.6/509.9" A503="0" A506="0" A511="" A941="11050" A942="0" A943="20000" A944="0" A945="1" A946="0" A947="1" A949="-4" A950="" A4017="" A4019="2147483647" A4020="-1" A4051="-1" A4052="-2" A4064="0">
 <S54x505 A961="5.2" A962="0" A963="0" A964="L" A965="0" A966="5" A967="0" A968="0" A969="0" A4000="L" A4001="L" A4013="0"/>
 </O52>
 <O52 Build="17406" A1="52/116485" A3="0" A13="0" A14="0" A404="1" A405="64" A406="0" A407="0" A411="450" A412="L" A413="L" A414="L" A415="L" A416="0" A501="782.92/509.9" A503="0" A506="0" A511="" A941="11022" A942="0" A943="20000" A944="0" A945="1" A946="0" A947="1" A949="-4" A950="" A4017="" A4019="2147483647" A4020="-1" A4051="-1" A4052="-2" A4064="0">
 <S54x505 A961="5.2" A962="0" A963="0" A964="L" A965="0" A966="5" A967="0" A968="0" A969="0" A4000="L" A4001="L" A4013="0"/>
 </O52>
 <O52 Build="17406" A1="52/116486" A3="0" A13="0" A14="0" A404="1" A405="64" A406="0" A407="0" A411="450" A412="L" A413="L" A414="L" A415="L" A416="0" A501="519.8/509.9" A503="0" A506="0" A511="" A941="11031" A942="0" A943="20000" A944="0" A945="1" A946="0" A947="1" A949="-4" A950="" A4017="" A4019="2147483647" A4020="-1" A4051="-1" A4052="-2" A4064="0">
 <S54x505 A961="5.2" A962="0" A963="0" A964="L" A965="0" A966="4" A967="0" A968="0" A969="0" A4000="L" A4001="L" A4013="0"/>
 </O52>
 <O52 Build="17406" A1="52/116487" A3="0" A13="0" A14="0" A404="1" A405="64" A406="0" A407="0" A411="450" A412="L" A413="L" A414="L" A415="L" A416="0" A501="166.2/509.9" A503="0" A506="0" A511="" A941="11011" A942="0" A943="20000" A944="0" A945="1" A946="0" A947="1" A949="-4" A950="" A4017="" A4019="2147483647" A4020="-1" A4051="-1" A4052="-2" A4064="0">
 <S54x505 A961="5.2" A962="0" A963="0" A964="L" A965="0" A966="4" A967="0" A968="0" A969="0" A4000="L" A4001="L" A4013="0"/>
 </O52>
 <O52 Build="17406" A1="52/116488" A3="0" A13="0" A14="0" A404="1" A405="64" A406="0" A407="0" A411="450" A412="L" A413="L" A414="L" A415="L" A416="0" A501="718.44/509.9" A503="0" A506="0" A511="" A941="11024" A942="0" A943="20000" A944="0" A945="1" A946="0" A947="1" A949="-4" A950="" A4017="" A4019="2147483647" A4020="-1" A4051="-1" A4052="-2" A4064="0">
 <S54x505 A961="5.2" A962="0" A963="0" A964="L" A965="0" A966="5" A967="0" A968="0" A969="0" A4000="L" A4001="L" A4013="0"/>
 </O52>
 </O51>
</EplanPxfRoot>
