<?xml version="1.0" encoding="utf-8" ?>
<EplanPxfRoot Name="F06_003_en_US" Type="Form" Version="2022.0.17406" PxfVersion="1.23" SchemaVersion="1.7.17406" Source="" SourceProject="D:\Master Data\Forms\Translate20.elk" Description="" ConfigurationFlags="65536" NumMainObjects="0" NumProjectSteps="0" NumMDSteps="0" StreamSchema="EBitmap, ,2,1,2;EPosition3D, ,0,3,2;ERay3D, ,0,4,2;EStreamableVector, ,0,5,2;BaseTextLine@W3D, ,2,9,2;Box3d@W3D, ,0,10,2;DMNCDataSet, ,1,12,2;DMNCDataSetVector, ,1,13,2;Linetype@W3D, ,0,15,2;Color@W3D, ,0,16,2;Material@W3D, ,3,17,2;Mesh3d@W3D, ,8,19,2;Mesh3dX@W3D, ,2,20,2;MeshBox@W3D, ,5,21,2;MeshEdge3d@W3D, ,0,22,2;MeshFace3d@W3D, ,2,23,2;MeshPoint3d@W3D, ,1,24,2;MeshPolygon3d@W3D, ,1,25,2;MeshSimpleTextureTriangle3d@W3D, ,2,26,2;MeshSimpleTriangle3d@W3D, ,1,27,2;MeshText3dX@W3D, ,0,28,2;MeshTriangle3d@W3D, ,2,29,2;MeshTriangleFace3d@W3D, ,0,30,2;MeshTriangleFaceEdge3D@W3D, ,0,31,2;CTexture@W3D,W3dBaseGeometry,0,81,2;MeshMate@W3D,W3dMeshModeller,7,82,2;MeshMateFace@W3D,W3dMeshModeller,1,83,2;MeshMateGrid@W3D,W3dMeshModeller,8,84,2;MeshMateGridLine@W3D,W3dMeshModeller,1,85,2;MeshMateLine@W3D,W3dMeshModeller,1,86,2">
 <O76 Build="17406" A1="76/116760" A3="0" A13="0" A14="0" A1422="1" A1423="1" A1424="0" A1425="" A1426="1000" A1427="0" A1428="5" A1429="0" A1430="1" A1433="0" A1434="0" A1435="0">
 <S54x1432 A961="2" A962="0" A963="0" A964="0" A965="0" A966="7" A967="0" A968="0" A969="0" A4000="100" A4001="0" A4013="0"/>
 </O76>
 <O51 Build="17406" A1="51/116703" A3="0" A13="0" A14="0" A404="1" A405="64" A406="0" A407="0" A431="1" A901="14" A902="F06_003_en_US">
 <P11 P13002="0" P13004="0" P13005="39" P13006="0" P13007="12.48" P13008="0" P13013="0" P13014="0" P13019="1;1|5;1|6;:|5;1|3;1|5;1|6;-|5;1|4;1" P13028="0" P14020="EPL" P14021="1054954275" P14022="EPL" P14023="1615977345" P18000="F06_003_en_US" P18011="de_DE@Inhaltsverzeichnis&#10;ANSI D Querformat&#10;1 Spalte&#10;39 Zeilen;en_US@Table of contents&#10;ANSI D Landscape format&#10;1 Column&#10;39 Rows;es_ES@Indice de páginas&#10;ANSI D Formato horizontal&#10;1 Columna&#10;39 Filas;fr_FR@Table des matières&#10;ANSI D Format paysage&#10;1 Colonne&#10;39 Lignes;nl_NL@Inhoudsopgave&#10;ANSI D Liggend&#10;1 Kolom&#10;39 Rijen;sv_SE@Innehållsförteckning&#10;ANSI D Liggande&#10;1 Kolumn&#10;39 Rader;da_DK@Indholdsfortegnelse&#10;ANSI D Tværformat&#10;1 Spalte&#10;39 Rækken;ru_RU@Содержание&#10;ANSI D Гориз. формат&#10;1 Столбец&#10;39 Строки;zh_CN@目录&#10;ANSI D 水平格式&#10;1 列&#10;39 行;pl_PL@Spis treści&#10;ANSI D Format poziomy&#10;1 Kolumna&#10;39 Wiersze;pt_BR@Índice&#10;ANSI D Formato paisagem&#10;1 Coluna&#10;39 Linhas;cs_CZ@Obsah&#10;ANSI D Formát na šířku&#10;1 Sloupec&#10;39 Řádky;it_IT@Sommario delle pagine&#10;ANSI D Orizzontale&#10;1 Colonna&#10;39 Righe;hu_HU@Tartalomjegyzék&#10;ANSI D Keresztformátum&#10;1 Oszlop&#10;39 Sorok;pt_PT@Tabela de conteúdos&#10;ANSI D Formato horizontal&#10;1 Coluna&#10;39 Linhas;ko_KR@목차&#10;ANSI D 가로 형식&#10;1 열&#10;39 행;ja_JP@目次&#10;ANSI D 横長書式&#10;1 列&#10;39 行;tr_TR@İçindekiler dizini&#10;ANSI D Yatay format&#10;1 Sütun&#10;39 Satırlar;ro_RO@Cuprins&#10;ANSI D Tip vedere&#10;1 Coloană&#10;39 Rânduri;zh_TW@目錄&#10;ANSI D 橫向格式&#10;1 欄&#10;39 列;" P18061="4"/>
 <O30 Build="17406" A1="30/116704" A3="0" A13="0" A14="0" A404="49" A405="64" A406="0" A407="0" A411="200" A412="L" A413="L" A414="L" A415="L" A416="0" A501="805.8/523.42" A503="0" A506="25" A511="de_DE@Bearbeiter;en_US@Edited by;da_DK@Redigeret af;sv_SE@Redigerare;nl_NL@Bewerker;fr_FR@Editeur;es_ES@Responsable;ru_RU@Обработчик;zh_CN@编辑者;pl_PL@Opracował;pt_BR@Editor;cs_CZ@Zpracoval;it_IT@Elaboratore;hu_HU@Szerkesztő;pt_PT@Editor;ko_KR@편집자;ja_JP@編集者;tr_TR@Düzenleyen;ro_RO@Editor;zh_TW@編輯者;">
 <S54x505 A961="6.24" A962="0" A963="0" A964="L" A965="0" A966="5" A967="66.56" A968="16.64" A969="0" A4000="L" A4001="L" A4013="0"/>
 </O30>
 <O31 Build="17406" A1="31/116705" A3="0" A13="0" A14="0" A404="1" A405="64" A406="0" A407="0" A411="200" A412="0" A413="L" A414="0.25" A415="L" A416="1" A531="19.56/390.3" A532="843.24/390.3"/>
 <O31 Build="17406" A1="31/116706" A3="0" A13="0" A14="0" A404="1" A405="64" A406="0" A407="0" A411="200" A412="0" A413="L" A414="0.13" A415="L" A416="1" A531="19.56/402.78" A532="843.24/402.78"/>
 <O31 Build="17406" A1="31/116707" A3="0" A13="0" A14="0" A404="1" A405="64" A406="0" A407="0" A411="200" A412="0" A413="L" A414="0.13" A415="L" A416="1" A531="19.56/365.34" A532="843.24/365.34"/>
 <O31 Build="17406" A1="31/116708" A3="0" A13="0" A14="0" A404="1" A405="64" A406="0" A407="0" A411="200" A412="0" A413="L" A414="0.13" A415="L" A416="1" A531="19.56/340.38" A532="843.24/340.38"/>
 <O31 Build="17406" A1="31/116709" A3="0" A13="0" A14="0" A404="1" A405="64" A406="0" A407="0" A411="200" A412="0" A413="L" A414="0.13" A415="L" A416="1" A531="19.56/315.42" A532="843.24/315.42"/>
 <O31 Build="17406" A1="31/116710" A3="0" A13="0" A14="0" A404="1" A405="64" A406="0" A407="0" A411="200" A412="0" A413="L" A414="0.13" A415="L" A416="1" A531="19.56/290.46" A532="843.24/290.46"/>
 <O31 Build="17406" A1="31/116711" A3="0" A13="0" A14="0" A404="1" A405="64" A406="0" A407="0" A411="200" A412="0" A413="L" A414="0.25" A415="L" A416="1" A531="19.56/327.9" A532="843.24/327.9"/>
 <O31 Build="17406" A1="31/116712" A3="0" A13="0" A14="0" A404="1" A405="64" A406="0" A407="0" A411="200" A412="0" A413="L" A414="0.25" A415="L" A416="1" A531="19.56/265.5" A532="843.24/265.5"/>
 <O31 Build="17406" A1="31/116713" A3="0" A13="0" A14="0" A404="1" A405="64" A406="0" A407="0" A411="200" A412="0" A413="L" A414="0.25" A415="L" A416="1" A531="19.56/203.1" A532="843.24/203.1"/>
 <O89 Build="17406" A1="89/116714" A3="0" A13="0" A14="0" A404="1" A405="64" A406="0" A407="0" A411="200" A412="0" A413="L" A414="0.35" A415="L" A416="1" A1651="19.56/28.38" A1652="843.24/531.74" A1653="0" A1654="0" A1655="0" A1656="0" A1657="0"/>
 <O30 Build="17406" A1="30/116715" A3="0" A13="0" A14="0" A404="49" A405="64" A406="0" A407="0" A411="200" A412="L" A413="L" A414="L" A415="L" A416="0" A501="165.16/523.42" A503="0" A506="25" A511="de_DE@Seitentyp;en_US@Page type;da_DK@Sidetype;nl_NL@Paginatype;fr_FR@Type de page;es_ES@Tipo de página;sv_SE@Bladtyp;ru_RU@Тип страницы;zh_CN@页类型;pl_PL@Typ strony;pt_BR@Tipo de página;cs_CZ@Typ strany;it_IT@Tipo pagina;hu_HU@Tervlaptípus;pt_PT@Tipo de página;ko_KR@페이지 종류;ja_JP@ページ タイプ;tr_TR@Sayfa tipi;ro_RO@Tip pagină;zh_TW@頁面類型;">
 <S54x505 A961="6.24" A962="0" A963="0" A964="L" A965="0" A966="4" A967="141.44" A968="16.64" A969="0" A4000="L" A4001="L" A4013="0"/>
 </O30>
 <O31 Build="17406" A1="31/116716" A3="0" A13="0" A14="0" A404="1" A405="64" A406="0" A407="0" A411="200" A412="0" A413="L" A414="0.25" A415="L" A416="1" A531="310.76/531.74" A532="310.76/28.38"/>
 <O30 Build="17406" A1="30/116717" A3="0" A13="0" A14="0" A404="17" A405="64" A406="0" A407="0" A411="200" A412="L" A413="L" A414="L" A415="L" A416="0" A501="19.56/540.06" A503="0" A506="0" A511="de_DE@Inhaltsverzeichnis;en_US@Table of contents;da_DK@Indholdsfortegnelse;sv_SE@Innehållsförteckning;nl_NL@Inhoudsopgave;fr_FR@Table des matières;es_ES@Indice de páginas;ru_RU@Содержание;zh_CN@目录;pl_PL@Spis treści;pt_BR@Índice;cs_CZ@Obsah;it_IT@Sommario delle pagine;hu_HU@Tartalomjegyzék;pt_PT@Tabela de conteúdos;ko_KR@목차;ja_JP@目次;tr_TR@İçindekiler dizini;ro_RO@Cuprins;zh_TW@目錄;">
 <S54x505 A961="12.48" A962="0" A963="0" A964="L" A965="0" A966="10" A967="0" A968="0" A969="0" A4000="L" A4001="L" A4013="0"/>
 </O30>
 <O30 Build="17406" A1="30/116718" A3="0" A13="0" A14="0" A404="49" A405="64" A406="0" A407="0" A411="200" A412="L" A413="L" A414="L" A415="L" A416="0" A501="730.92/523.42" A503="0" A506="25" A511="de_DE@Datum;en_US@Date;da_DK@Dato;sv_SE@Datum;nl_NL@Datum;fr_FR@Date;es_ES@Fecha;ru_RU@Дата;zh_CN@日期;pl_PL@Data;pt_BR@Data;cs_CZ@Datum;it_IT@Data;hu_HU@Dátum;pt_PT@Data;ko_KR@날짜;ja_JP@日付;tr_TR@Tarih;ro_RO@Data;zh_TW@日期;">
 <S54x505 A961="6.24" A962="0" A963="0" A964="L" A965="0" A966="5" A967="66.56" A968="16.64" A969="0" A4000="L" A4001="L" A4013="0"/>
 </O30>
 <O30 Build="17406" A1="30/116719" A3="0" A13="0" A14="0" A404="49" A405="64" A406="0" A407="0" A411="200" A412="L" A413="L" A414="L" A415="L" A416="0" A501="314.92/523.42" A503="0" A506="25" A511="de_DE@Seitenbeschreibung;en_US@Page description;da_DK@Sidebeskrivelse;sv_SE@Bladbeskrivning;nl_NL@Paginabeschrijving;fr_FR@Description de page;es_ES@Descripción de página;ru_RU@Описание страниц;zh_CN@页描述;pl_PL@Opis stron;pt_BR@Descrição da página;cs_CZ@Popis stran;it_IT@Descrizione pagina;hu_HU@Tervlap leírás;pt_PT@Descrição da página;ko_KR@페이지 설명;ja_JP@ページ説明;tr_TR@Sayfa açıklaması;ro_RO@Descriere pagină;zh_TW@頁面說明;">
 <S54x505 A961="6.24" A962="0" A963="0" A964="L" A965="0" A966="4" A967="374.4" A968="16.64" A969="0" A4000="L" A4001="L" A4013="0"/>
 </O30>
 <O31 Build="17406" A1="31/116720" A3="0" A13="0" A14="0" A404="1" A405="64" A406="0" A407="0" A411="200" A412="0" A413="L" A414="0.13" A415="L" A416="1" A531="19.56/477.66" A532="843.24/477.66"/>
 <O31 Build="17406" A1="31/116721" A3="0" A13="0" A14="0" A404="1" A405="64" A406="0" A407="0" A411="200" A412="0" A413="L" A414="0.13" A415="L" A416="1" A531="19.56/502.62" A532="843.24/502.62"/>
 <O31 Build="17406" A1="31/116722" A3="0" A13="0" A14="0" A404="1" A405="64" A406="0" A407="0" A411="200" A412="0" A413="L" A414="0.13" A415="L" A416="1" A531="19.56/465.18" A532="843.24/465.18"/>
 <O31 Build="17406" A1="31/116723" A3="0" A13="0" A14="0" A404="1" A405="64" A406="0" A407="0" A411="200" A412="0" A413="L" A414="0.13" A415="L" A416="1" A531="19.56/440.22" A532="843.24/440.22"/>
 <O31 Build="17406" A1="31/116724" A3="0" A13="0" A14="0" A404="1" A405="64" A406="0" A407="0" A411="200" A412="0" A413="L" A414="0.25" A415="L" A416="1" A531="19.56/452.7" A532="843.24/452.7"/>
 <O31 Build="17406" A1="31/116725" A3="0" A13="0" A14="0" A404="1" A405="64" A406="0" A407="0" A411="200" A412="0" A413="L" A414="0.13" A415="L" A416="1" A531="19.56/415.26" A532="843.24/415.26"/>
 <O31 Build="17406" A1="31/116726" A3="0" A13="0" A14="0" A404="1" A405="64" A406="0" A407="0" A411="200" A412="0" A413="L" A414="0.13" A415="L" A416="1" A531="19.56/427.74" A532="843.24/427.74"/>
 <O31 Build="17406" A1="31/116727" A3="0" A13="0" A14="0" A404="1" A405="64" A406="0" A407="0" A411="200" A412="0" A413="L" A414="0.25" A415="L" A416="1" A531="768.36/531.74" A532="768.36/28.38"/>
 <O31 Build="17406" A1="31/116728" A3="0" A13="0" A14="0" A404="1" A405="64" A406="0" A407="0" A411="200" A412="0" A413="L" A414="0.13" A415="L" A416="1" A531="19.56/240.54" A532="843.24/240.54"/>
 <O31 Build="17406" A1="31/116729" A3="0" A13="0" A14="0" A404="1" A405="64" A406="0" A407="0" A411="200" A412="0" A413="L" A414="0.13" A415="L" A416="1" A531="19.56/253.02" A532="843.24/253.02"/>
 <O31 Build="17406" A1="31/116730" A3="0" A13="0" A14="0" A404="1" A405="64" A406="0" A407="0" A411="200" A412="0" A413="L" A414="0.13" A415="L" A416="1" A531="19.56/215.58" A532="843.24/215.58"/>
 <O31 Build="17406" A1="31/116731" A3="0" A13="0" A14="0" A404="1" A405="64" A406="0" A407="0" A411="200" A412="0" A413="L" A414="0.13" A415="L" A416="1" A531="19.56/228.06" A532="843.24/228.06"/>
 <O53 Build="17406" A1="53/116732" A3="0" A13="0" A14="0" A404="1" A405="64" A406="0" A407="0" A411="452" A412="0" A413="L" A414="L" A415="L" A416="0" A501="843.24/540.06" A503="0" A506="0" A771="11015" A772="0" A773="0" A774="0" A951="4" A952="0" A953="0" A954="0" A955="0">
 <S54x505 A961="5.2" A962="0" A963="0" A964="L" A965="0" A966="12" A967="0" A968="0" A969="0" A4000="L" A4001="L" A4013="0"/>
 </O53>
 <O31 Build="17406" A1="31/116733" A3="0" A13="0" A14="0" A404="1" A405="64" A406="0" A407="0" A411="200" A412="0" A413="L" A414="0.13" A415="L" A416="1" A531="19.56/190.62" A532="843.24/190.62"/>
 <O31 Build="17406" A1="31/116734" A3="0" A13="0" A14="0" A404="1" A405="64" A406="0" A407="0" A411="200" A412="0" A413="L" A414="0.13" A415="L" A416="1" A531="19.56/165.66" A532="843.24/165.66"/>
 <O31 Build="17406" A1="31/116735" A3="0" A13="0" A14="0" A404="1" A405="64" A406="0" A407="0" A411="200" A412="0" A413="L" A414="0.25" A415="L" A416="1" A531="19.56/140.7" A532="843.24/140.7"/>
 <O31 Build="17406" A1="31/116736" A3="0" A13="0" A14="0" A404="1" A405="64" A406="0" A407="0" A411="200" A412="0" A413="L" A414="0.13" A415="L" A416="1" A531="19.56/153.18" A532="843.24/153.18"/>
 <O31 Build="17406" A1="31/116737" A3="0" A13="0" A14="0" A404="1" A405="64" A406="0" A407="0" A411="200" A412="0" A413="L" A414="0.13" A415="L" A416="1" A531="19.56/115.74" A532="843.24/115.74"/>
 <O31 Build="17406" A1="31/116738" A3="0" A13="0" A14="0" A404="1" A405="64" A406="0" A407="0" A411="200" A412="0" A413="L" A414="0.13" A415="L" A416="1" A531="19.56/128.22" A532="843.24/128.22"/>
 <O31 Build="17406" A1="31/116739" A3="0" A13="0" A14="0" A404="1" A405="64" A406="0" A407="0" A411="200" A412="0" A413="L" A414="0.13" A415="L" A416="1" A531="19.56/277.98" A532="843.24/277.98"/>
 <O31 Build="17406" A1="31/116740" A3="0" A13="0" A14="0" A404="1" A405="64" A406="0" A407="0" A411="200" A412="0" A413="L" A414="0.13" A415="L" A416="1" A531="19.56/377.82" A532="843.24/377.82"/>
 <O31 Build="17406" A1="31/116741" A3="0" A13="0" A14="0" A404="1" A405="64" A406="0" A407="0" A411="200" A412="0" A413="L" A414="0.13" A415="L" A416="1" A531="19.56/302.94" A532="843.24/302.94"/>
 <O31 Build="17406" A1="31/116742" A3="0" A13="0" A14="0" A404="1" A405="64" A406="0" A407="0" A411="200" A412="0" A413="L" A414="0.25" A415="L" A416="1" A531="161/531.74" A532="161/28.38"/>
 <O31 Build="17406" A1="31/116743" A3="0" A13="0" A14="0" A404="1" A405="64" A406="0" A407="0" A411="200" A412="0" A413="L" A414="0.13" A415="L" A416="1" A531="19.56/490.14" A532="843.24/490.14"/>
 <O31 Build="17406" A1="31/116744" A3="0" A13="0" A14="0" A404="1" A405="64" A406="0" A407="0" A411="200" A412="0" A413="L" A414="0.13" A415="L" A416="1" A531="19.56/352.86" A532="843.24/352.86"/>
 <O31 Build="17406" A1="31/116745" A3="0" A13="0" A14="0" A404="1" A405="64" A406="0" A407="0" A411="200" A412="0" A413="L" A414="0.13" A415="L" A416="1" A531="19.56/178.14" A532="843.24/178.14"/>
 <O30 Build="17406" A1="30/116746" A3="0" A13="0" A14="0" A404="49" A405="64" A406="0" A407="0" A411="200" A412="L" A413="L" A414="L" A415="L" A416="0" A501="23.72/523.42" A503="0" A506="25" A511="de_DE@Seite;en_US@Page;da_DK@Side;sv_SE@Blad;nl_NL@Pagina;fr_FR@Page;es_ES@Página;ru_RU@Страница;zh_CN@页;pl_PL@Strona;pt_BR@Página;cs_CZ@Strana;it_IT@Pagina;hu_HU@Tervlap;pt_PT@Página;ko_KR@페이지;ja_JP@ページ;tr_TR@Sayfa;ro_RO@Pagină;zh_TW@頁面;">
 <S54x505 A961="6.24" A962="0" A963="0" A964="L" A965="0" A966="4" A967="133.12" A968="16.64" A969="0" A4000="L" A4001="L" A4013="0"/>
 </O30>
 <O31 Build="17406" A1="31/116747" A3="0" A13="0" A14="0" A404="1" A405="64" A406="0" A407="0" A411="200" A412="0" A413="L" A414="0.25" A415="L" A416="1" A531="693.48/531.74" A532="693.48/28.38"/>
 <O31 Build="17406" A1="31/116748" A3="0" A13="0" A14="0" A404="1" A405="64" A406="0" A407="0" A411="200" A412="0" A413="L" A414="0.25" A415="L" A416="1" A531="19.56/515.1" A532="843.24/515.1"/>
 <O31 Build="17406" A1="31/116749" A3="0" A13="0" A14="0" A404="1" A405="64" A406="0" A407="0" A411="200" A412="0" A413="L" A414="0.13" A415="L" A416="1" A531="19.56/103.26" A532="843.24/103.26"/>
 <O31 Build="17406" A1="31/116750" A3="0" A13="0" A14="0" A404="1" A405="64" A406="0" A407="0" A411="200" A412="0" A413="L" A414="0.13" A415="L" A416="1" A531="19.56/90.78" A532="843.24/90.78"/>
 <O31 Build="17406" A1="31/116751" A3="0" A13="0" A14="0" A404="1" A405="64" A406="0" A407="0" A411="200" A412="0" A413="L" A414="0.25" A415="L" A416="1" A531="19.56/78.3" A532="843.24/78.3"/>
 <O31 Build="17406" A1="31/116752" A3="0" A13="0" A14="0" A404="1" A405="64" A406="0" A407="0" A411="200" A412="0" A413="L" A414="0.13" A415="L" A416="1" A531="19.56/65.82" A532="843.24/65.82"/>
 <O31 Build="17406" A1="31/116753" A3="0" A13="0" A14="0" A404="1" A405="64" A406="0" A407="0" A411="200" A412="0" A413="L" A414="0.13" A415="L" A416="1" A531="19.56/53.34" A532="843.24/53.34"/>
 <O31 Build="17406" A1="31/116754" A3="0" A13="0" A14="0" A404="1" A405="64" A406="0" A407="0" A411="200" A412="0" A413="L" A414="0.13" A415="L" A416="1" A531="19.56/40.86" A532="843.24/40.86"/>
 <O52 Build="17406" A1="52/116755" A3="0" A13="0" A14="0" A404="1" A405="64" A406="0" A407="0" A411="450" A412="L" A413="L" A414="L" A415="L" A416="0" A501="24.76/508.86" A503="0" A506="0" A511="" A941="11009" A942="0" A943="20000" A944="0" A945="1" A946="0" A947="1" A949="-4" A950="" A4017="" A4019="2147483647" A4020="-1" A4051="-1" A4052="-2" A4064="0">
 <S54x505 A961="5.2" A962="0" A963="0" A964="L" A965="0" A966="4" A967="0" A968="0" A969="0" A4000="L" A4001="L" A4013="0"/>
 </O52>
 <O52 Build="17406" A1="52/116756" A3="0" A13="0" A14="0" A404="1" A405="64" A406="0" A407="0" A411="450" A412="L" A413="L" A414="L" A415="L" A416="0" A501="805.8/508.86" A503="0" A506="0" A511="" A941="11022" A942="0" A943="20000" A944="0" A945="1" A946="0" A947="1" A949="-4" A950="" A4017="" A4019="2147483647" A4020="-1" A4051="-1" A4052="-2" A4064="0">
 <S54x505 A961="5.2" A962="0" A963="0" A964="L" A965="0" A966="5" A967="0" A968="0" A969="0" A4000="L" A4001="L" A4013="0"/>
 </O52>
 <O52 Build="17406" A1="52/116757" A3="0" A13="0" A14="0" A404="1" A405="64" A406="0" A407="0" A411="450" A412="L" A413="L" A414="L" A415="L" A416="0" A501="315.96/508.86" A503="0" A506="0" A511="" A941="11011" A942="0" A943="20000" A944="0" A945="1" A946="0" A947="1" A949="-4" A950="" A4017="" A4019="2147483647" A4020="-1" A4051="-1" A4052="-2" A4064="0">
 <S54x505 A961="5.2" A962="0" A963="0" A964="L" A965="0" A966="4" A967="0" A968="0" A969="0" A4000="L" A4001="L" A4013="0"/>
 </O52>
 <O52 Build="17406" A1="52/116758" A3="0" A13="0" A14="0" A404="1" A405="64" A406="0" A407="0" A411="450" A412="L" A413="L" A414="L" A415="L" A416="0" A501="166.2/508.86" A503="0" A506="0" A511="" A941="11017" A942="0" A943="20000" A944="0" A945="1" A946="0" A947="1" A949="-4" A950="" A4017="" A4019="2147483647" A4020="-1" A4051="-1" A4052="-2" A4064="0">
 <S54x505 A961="5.2" A962="0" A963="0" A964="L" A965="0" A966="4" A967="0" A968="0" A969="0" A4000="L" A4001="L" A4013="0"/>
 </O52>
 <O52 Build="17406" A1="52/116759" A3="0" A13="0" A14="0" A404="1" A405="64" A406="0" A407="0" A411="450" A412="L" A413="L" A414="L" A415="L" A416="0" A501="730.92/508.86" A503="0" A506="0" A511="" A941="11024" A942="0" A943="20000" A944="0" A945="1" A946="0" A947="1" A949="-4" A950="" A4017="" A4019="2147483647" A4020="-1" A4051="-1" A4052="-2" A4064="0">
 <S54x505 A961="5.2" A962="0" A963="0" A964="L" A965="0" A966="5" A967="0" A968="0" A969="0" A4000="L" A4001="L" A4013="0"/>
 </O52>
 </O51>
</EplanPxfRoot>
