<?xml version="1.0" encoding="utf-8" ?>
<EplanPxfRoot Name="F06_003" Type="Form" Version="2022.0.17406" PxfVersion="1.23" SchemaVersion="1.7.17406" Source="" SourceProject="D:\Master Data\Forms\Translate20.elk" Description="" ConfigurationFlags="65536" NumMainObjects="0" NumProjectSteps="0" NumMDSteps="0" StreamSchema="EBitmap, ,2,1,2;EPosition3D, ,0,3,2;ERay3D, ,0,4,2;EStreamableVector, ,0,5,2;BaseTextLine@W3D, ,2,9,2;Box3d@W3D, ,0,10,2;DMNCDataSet, ,1,12,2;DMNCDataSetVector, ,1,13,2;Linetype@W3D, ,0,15,2;Color@W3D, ,0,16,2;Material@W3D, ,3,17,2;Mesh3d@W3D, ,8,19,2;Mesh3dX@W3D, ,2,20,2;MeshBox@W3D, ,5,21,2;MeshEdge3d@W3D, ,0,22,2;MeshFace3d@W3D, ,2,23,2;MeshPoint3d@W3D, ,1,24,2;MeshPolygon3d@W3D, ,1,25,2;MeshSimpleTextureTriangle3d@W3D, ,2,26,2;MeshSimpleTriangle3d@W3D, ,1,27,2;MeshText3dX@W3D, ,0,28,2;MeshTriangle3d@W3D, ,2,29,2;MeshTriangleFace3d@W3D, ,0,30,2;MeshTriangleFaceEdge3D@W3D, ,0,31,2;CTexture@W3D,W3dBaseGeometry,0,81,2;MeshMate@W3D,W3dMeshModeller,7,82,2;MeshMateFace@W3D,W3dMeshModeller,1,83,2;MeshMateGrid@W3D,W3dMeshModeller,8,84,2;MeshMateGridLine@W3D,W3dMeshModeller,1,85,2;MeshMateLine@W3D,W3dMeshModeller,1,86,2">
 <O76 Build="17406" A1="76/116701" A3="0" A13="0" A14="0" A1422="1" A1423="1" A1424="0" A1425="" A1426="1000" A1427="0" A1428="5" A1429="0" A1430="1" A1433="0" A1434="0" A1435="0">
 <S54x1432 A961="2" A962="0" A963="0" A964="0" A965="0" A966="7" A967="0" A968="0" A969="0" A4000="100" A4001="0" A4013="0"/>
 </O76>
 <O51 Build="17406" A1="51/116644" A3="0" A13="0" A14="0" A404="1" A405="64" A406="0" A407="0" A431="1" A901="14" A902="F06_003">
 <P11 P13002="0" P13004="0" P13005="39" P13006="0" P13007="6" P13008="0" P13013="0" P13014="0" P13019="1;1|5;1|6;:|5;1|3;1|5;1|6;-|5;1|4;1" P13028="0" P14020="EPL" P14021="1054954275" P14022="EPL" P14023="1615977345" P18000="F06_003" P18011="de_DE@Inhaltsverzeichnis&#10;DIN A3 Querformat&#10;1 Spalte&#10;39 Zeilen;en_US@Table of contents&#10;DIN A3 Landscape format&#10;1 Column&#10;39 Rows;es_ES@Indice de páginas&#10;DIN A3 Formato horizontal&#10;1 Columna&#10;39 Filas;fr_FR@Table des matières&#10;DIN A3 Format paysage&#10;1 Colonne&#10;39 Lignes;nl_NL@Inhoudsopgave&#10;DIN A3 Liggend&#10;1 Kolom&#10;39 Rijen;sv_SE@Innehållsförteckning&#10;DIN A3 Liggande&#10;1 Kolumn&#10;39 Rader;da_DK@Indholdsfortegnelse&#10;DIN A3 Tværformat&#10;1 Spalte&#10;39 Rækken;ru_RU@Содержание&#10;DIN A3 Гориз. формат&#10;1 Столбец&#10;39 Строки;zh_CN@目录&#10;DIN A3 水平格式&#10;1 列&#10;39 行;pl_PL@Spis treści&#10;DIN A3 Format poziomy&#10;1 Kolumna&#10;39 Wiersze;pt_BR@Índice&#10;DIN A3 Formato paisagem&#10;1 Coluna&#10;39 Linhas;cs_CZ@Obsah&#10;DIN A3 Formát na šířku&#10;1 Sloupec&#10;39 Řádky;it_IT@Sommario delle pagine&#10;DIN A3 Orizzontale&#10;1 Colonna&#10;39 Righe;hu_HU@Tartalomjegyzék&#10;DIN A3 Keresztformátum&#10;1 Oszlop&#10;39 Sorok;pt_PT@Tabela de conteúdos&#10;DIN A3 Formato horizontal&#10;1 Coluna&#10;39 Linhas;ko_KR@목차&#10;DIN A3 가로 형식&#10;1 열&#10;39 행;ja_JP@目次&#10;DIN A3 横長書式&#10;1 列&#10;39 行;tr_TR@İçindekiler dizini&#10;DIN A3 Yatay format&#10;1 Sütun&#10;39 Satırlar;ro_RO@Cuprins&#10;DIN A3 Tip vedere&#10;1 Coloană&#10;39 Rânduri;zh_TW@目錄&#10;DIN A3 橫向格式&#10;1 欄&#10;39 列;" P18061="4"/>
 <O30 Build="17406" A1="30/116645" A3="0" A13="0" A14="0" A404="49" A405="64" A406="0" A407="0" A411="200" A412="L" A413="L" A414="L" A415="L" A416="0" A501="390/268" A503="0" A506="25" A511="de_DE@Bearbeiter;en_US@Edited by;da_DK@Redigeret af;sv_SE@Redigerare;nl_NL@Bewerker;fr_FR@Editeur;es_ES@Responsable;ru_RU@Обработчик;zh_CN@编辑者;pl_PL@Opracował;pt_BR@Editor;cs_CZ@Zpracoval;it_IT@Elaboratore;hu_HU@Szerkesztő;pt_PT@Editor;ko_KR@편집자;ja_JP@編集者;tr_TR@Düzenleyen;ro_RO@Editor;zh_TW@編輯者;">
 <S54x505 A961="3" A962="0" A963="0" A964="L" A965="0" A966="5" A967="32" A968="8" A969="0" A4000="L" A4001="L" A4013="0"/>
 </O30>
 <O31 Build="17406" A1="31/116646" A3="0" A13="0" A14="0" A404="1" A405="64" A406="0" A407="0" A411="200" A412="0" A413="L" A414="0.25" A415="L" A416="1" A531="12/204" A532="408/204"/>
 <O31 Build="17406" A1="31/116647" A3="0" A13="0" A14="0" A404="1" A405="64" A406="0" A407="0" A411="200" A412="0" A413="L" A414="0.13" A415="L" A416="1" A531="12/210" A532="408/210"/>
 <O31 Build="17406" A1="31/116648" A3="0" A13="0" A14="0" A404="1" A405="64" A406="0" A407="0" A411="200" A412="0" A413="L" A414="0.13" A415="L" A416="1" A531="12/192" A532="408/192"/>
 <O31 Build="17406" A1="31/116649" A3="0" A13="0" A14="0" A404="1" A405="64" A406="0" A407="0" A411="200" A412="0" A413="L" A414="0.13" A415="L" A416="1" A531="12/180" A532="408/180"/>
 <O31 Build="17406" A1="31/116650" A3="0" A13="0" A14="0" A404="1" A405="64" A406="0" A407="0" A411="200" A412="0" A413="L" A414="0.13" A415="L" A416="1" A531="12/168" A532="408/168"/>
 <O31 Build="17406" A1="31/116651" A3="0" A13="0" A14="0" A404="1" A405="64" A406="0" A407="0" A411="200" A412="0" A413="L" A414="0.13" A415="L" A416="1" A531="12/156" A532="408/156"/>
 <O31 Build="17406" A1="31/116652" A3="0" A13="0" A14="0" A404="1" A405="64" A406="0" A407="0" A411="200" A412="0" A413="L" A414="0.25" A415="L" A416="1" A531="12/174" A532="408/174"/>
 <O31 Build="17406" A1="31/116653" A3="0" A13="0" A14="0" A404="1" A405="64" A406="0" A407="0" A411="200" A412="0" A413="L" A414="0.25" A415="L" A416="1" A531="12/144" A532="408/144"/>
 <O31 Build="17406" A1="31/116654" A3="0" A13="0" A14="0" A404="1" A405="64" A406="0" A407="0" A411="200" A412="0" A413="L" A414="0.25" A415="L" A416="1" A531="12/114" A532="408/114"/>
 <O89 Build="17406" A1="89/116655" A3="0" A13="0" A14="0" A404="1" A405="64" A406="0" A407="0" A411="200" A412="0" A413="L" A414="0.35" A415="L" A416="1" A1651="12/30" A1652="408/272" A1653="0" A1654="0" A1655="0" A1656="0" A1657="0"/>
 <O30 Build="17406" A1="30/116656" A3="0" A13="0" A14="0" A404="49" A405="64" A406="0" A407="0" A411="200" A412="L" A413="L" A414="L" A415="L" A416="0" A501="82/268" A503="0" A506="25" A511="de_DE@Seitentyp;en_US@Page type;da_DK@Sidetype;nl_NL@Paginatype;fr_FR@Type de page;es_ES@Tipo de página;sv_SE@Bladtyp;ru_RU@Тип страницы;zh_CN@页类型;pl_PL@Typ strony;pt_BR@Tipo de página;cs_CZ@Typ strany;it_IT@Tipo pagina;hu_HU@Tervlaptípus;pt_PT@Tipo de página;ko_KR@페이지 종류;ja_JP@ページ タイプ;tr_TR@Sayfa tipi;ro_RO@Tip pagină;zh_TW@頁面類型;">
 <S54x505 A961="3" A962="0" A963="0" A964="L" A965="0" A966="4" A967="68" A968="8" A969="0" A4000="L" A4001="L" A4013="0"/>
 </O30>
 <O31 Build="17406" A1="31/116657" A3="0" A13="0" A14="0" A404="1" A405="64" A406="0" A407="0" A411="200" A412="0" A413="L" A414="0.25" A415="L" A416="1" A531="152/272" A532="152/30"/>
 <O30 Build="17406" A1="30/116658" A3="0" A13="0" A14="0" A404="17" A405="64" A406="0" A407="0" A411="200" A412="L" A413="L" A414="L" A415="L" A416="0" A501="12/276" A503="0" A506="0" A511="de_DE@Inhaltsverzeichnis;en_US@Table of contents;da_DK@Indholdsfortegnelse;sv_SE@Innehållsförteckning;nl_NL@Inhoudsopgave;fr_FR@Table des matières;es_ES@Indice de páginas;ru_RU@Содержание;zh_CN@目录;pl_PL@Spis treści;pt_BR@Índice;cs_CZ@Obsah;it_IT@Sommario delle pagine;hu_HU@Tartalomjegyzék;pt_PT@Tabela de conteúdos;ko_KR@목차;ja_JP@目次;tr_TR@İçindekiler dizini;ro_RO@Cuprins;zh_TW@目錄;">
 <S54x505 A961="6" A962="0" A963="0" A964="L" A965="0" A966="10" A967="0" A968="0" A969="0" A4000="L" A4001="L" A4013="0"/>
 </O30>
 <O30 Build="17406" A1="30/116659" A3="0" A13="0" A14="0" A404="49" A405="64" A406="0" A407="0" A411="200" A412="L" A413="L" A414="L" A415="L" A416="0" A501="354/268" A503="0" A506="25" A511="de_DE@Datum;en_US@Date;da_DK@Dato;sv_SE@Datum;nl_NL@Datum;fr_FR@Date;es_ES@Fecha;ru_RU@Дата;zh_CN@日期;pl_PL@Data;pt_BR@Data;cs_CZ@Datum;it_IT@Data;hu_HU@Dátum;pt_PT@Data;ko_KR@날짜;ja_JP@日付;tr_TR@Tarih;ro_RO@Data;zh_TW@日期;">
 <S54x505 A961="3" A962="0" A963="0" A964="L" A965="0" A966="5" A967="32" A968="8" A969="0" A4000="L" A4001="L" A4013="0"/>
 </O30>
 <O30 Build="17406" A1="30/116660" A3="0" A13="0" A14="0" A404="49" A405="64" A406="0" A407="0" A411="200" A412="L" A413="L" A414="L" A415="L" A416="0" A501="154/268" A503="0" A506="25" A511="de_DE@Seitenbeschreibung;en_US@Page description;da_DK@Sidebeskrivelse;sv_SE@Bladbeskrivning;nl_NL@Paginabeschrijving;fr_FR@Description de page;es_ES@Descripción de página;ru_RU@Описание страниц;zh_CN@页描述;pl_PL@Opis stron;pt_BR@Descrição da página;cs_CZ@Popis stran;it_IT@Descrizione pagina;hu_HU@Tervlap leírás;pt_PT@Descrição da página;ko_KR@페이지 설명;ja_JP@ページ説明;tr_TR@Sayfa açıklaması;ro_RO@Descriere pagină;zh_TW@頁面說明;">
 <S54x505 A961="3" A962="0" A963="0" A964="L" A965="0" A966="4" A967="180" A968="8" A969="0" A4000="L" A4001="L" A4013="0"/>
 </O30>
 <O31 Build="17406" A1="31/116661" A3="0" A13="0" A14="0" A404="1" A405="64" A406="0" A407="0" A411="200" A412="0" A413="L" A414="0.13" A415="L" A416="1" A531="12/246" A532="408/246"/>
 <O31 Build="17406" A1="31/116662" A3="0" A13="0" A14="0" A404="1" A405="64" A406="0" A407="0" A411="200" A412="0" A413="L" A414="0.13" A415="L" A416="1" A531="12/258" A532="408/258"/>
 <O31 Build="17406" A1="31/116663" A3="0" A13="0" A14="0" A404="1" A405="64" A406="0" A407="0" A411="200" A412="0" A413="L" A414="0.13" A415="L" A416="1" A531="12/240" A532="408/240"/>
 <O31 Build="17406" A1="31/116664" A3="0" A13="0" A14="0" A404="1" A405="64" A406="0" A407="0" A411="200" A412="0" A413="L" A414="0.13" A415="L" A416="1" A531="12/228" A532="408/228"/>
 <O31 Build="17406" A1="31/116665" A3="0" A13="0" A14="0" A404="1" A405="64" A406="0" A407="0" A411="200" A412="0" A413="L" A414="0.25" A415="L" A416="1" A531="12/234" A532="408/234"/>
 <O31 Build="17406" A1="31/116666" A3="0" A13="0" A14="0" A404="1" A405="64" A406="0" A407="0" A411="200" A412="0" A413="L" A414="0.13" A415="L" A416="1" A531="12/216" A532="408/216"/>
 <O31 Build="17406" A1="31/116667" A3="0" A13="0" A14="0" A404="1" A405="64" A406="0" A407="0" A411="200" A412="0" A413="L" A414="0.13" A415="L" A416="1" A531="12/222" A532="408/222"/>
 <O31 Build="17406" A1="31/116668" A3="0" A13="0" A14="0" A404="1" A405="64" A406="0" A407="0" A411="200" A412="0" A413="L" A414="0.25" A415="L" A416="1" A531="372/272" A532="372/30"/>
 <O31 Build="17406" A1="31/116669" A3="0" A13="0" A14="0" A404="1" A405="64" A406="0" A407="0" A411="200" A412="0" A413="L" A414="0.13" A415="L" A416="1" A531="12/132" A532="408/132"/>
 <O31 Build="17406" A1="31/116670" A3="0" A13="0" A14="0" A404="1" A405="64" A406="0" A407="0" A411="200" A412="0" A413="L" A414="0.13" A415="L" A416="1" A531="12/138" A532="408/138"/>
 <O31 Build="17406" A1="31/116671" A3="0" A13="0" A14="0" A404="1" A405="64" A406="0" A407="0" A411="200" A412="0" A413="L" A414="0.13" A415="L" A416="1" A531="12/120" A532="408/120"/>
 <O31 Build="17406" A1="31/116672" A3="0" A13="0" A14="0" A404="1" A405="64" A406="0" A407="0" A411="200" A412="0" A413="L" A414="0.13" A415="L" A416="1" A531="12/126" A532="408/126"/>
 <O53 Build="17406" A1="53/116673" A3="0" A13="0" A14="0" A404="1" A405="64" A406="0" A407="0" A411="452" A412="0" A413="L" A414="L" A415="L" A416="0" A501="408/276" A503="0" A506="0" A771="11015" A772="0" A773="0" A774="0" A951="4" A952="0" A953="0" A954="0" A955="0">
 <S54x505 A961="2.5" A962="0" A963="0" A964="L" A965="0" A966="12" A967="0" A968="0" A969="0" A4000="L" A4001="L" A4013="0"/>
 </O53>
 <O31 Build="17406" A1="31/116674" A3="0" A13="0" A14="0" A404="1" A405="64" A406="0" A407="0" A411="200" A412="0" A413="L" A414="0.13" A415="L" A416="1" A531="12/108" A532="408/108"/>
 <O31 Build="17406" A1="31/116675" A3="0" A13="0" A14="0" A404="1" A405="64" A406="0" A407="0" A411="200" A412="0" A413="L" A414="0.13" A415="L" A416="1" A531="12/96" A532="408/96"/>
 <O31 Build="17406" A1="31/116676" A3="0" A13="0" A14="0" A404="1" A405="64" A406="0" A407="0" A411="200" A412="0" A413="L" A414="0.25" A415="L" A416="1" A531="12/84" A532="408/84"/>
 <O31 Build="17406" A1="31/116677" A3="0" A13="0" A14="0" A404="1" A405="64" A406="0" A407="0" A411="200" A412="0" A413="L" A414="0.13" A415="L" A416="1" A531="12/90" A532="408/90"/>
 <O31 Build="17406" A1="31/116678" A3="0" A13="0" A14="0" A404="1" A405="64" A406="0" A407="0" A411="200" A412="0" A413="L" A414="0.13" A415="L" A416="1" A531="12/72" A532="408/72"/>
 <O31 Build="17406" A1="31/116679" A3="0" A13="0" A14="0" A404="1" A405="64" A406="0" A407="0" A411="200" A412="0" A413="L" A414="0.13" A415="L" A416="1" A531="12/78" A532="408/78"/>
 <O31 Build="17406" A1="31/116680" A3="0" A13="0" A14="0" A404="1" A405="64" A406="0" A407="0" A411="200" A412="0" A413="L" A414="0.13" A415="L" A416="1" A531="12/150" A532="408/150"/>
 <O31 Build="17406" A1="31/116681" A3="0" A13="0" A14="0" A404="1" A405="64" A406="0" A407="0" A411="200" A412="0" A413="L" A414="0.13" A415="L" A416="1" A531="12/198" A532="408/198"/>
 <O31 Build="17406" A1="31/116682" A3="0" A13="0" A14="0" A404="1" A405="64" A406="0" A407="0" A411="200" A412="0" A413="L" A414="0.13" A415="L" A416="1" A531="12/162" A532="408/162"/>
 <O31 Build="17406" A1="31/116683" A3="0" A13="0" A14="0" A404="1" A405="64" A406="0" A407="0" A411="200" A412="0" A413="L" A414="0.25" A415="L" A416="1" A531="80/272" A532="80/30"/>
 <O31 Build="17406" A1="31/116684" A3="0" A13="0" A14="0" A404="1" A405="64" A406="0" A407="0" A411="200" A412="0" A413="L" A414="0.13" A415="L" A416="1" A531="12/252" A532="408/252"/>
 <O31 Build="17406" A1="31/116685" A3="0" A13="0" A14="0" A404="1" A405="64" A406="0" A407="0" A411="200" A412="0" A413="L" A414="0.13" A415="L" A416="1" A531="12/186" A532="408/186"/>
 <O31 Build="17406" A1="31/116686" A3="0" A13="0" A14="0" A404="1" A405="64" A406="0" A407="0" A411="200" A412="0" A413="L" A414="0.13" A415="L" A416="1" A531="12/102" A532="408/102"/>
 <O30 Build="17406" A1="30/116687" A3="0" A13="0" A14="0" A404="49" A405="64" A406="0" A407="0" A411="200" A412="L" A413="L" A414="L" A415="L" A416="0" A501="14/268" A503="0" A506="25" A511="de_DE@Seite;en_US@Page;da_DK@Side;sv_SE@Blad;nl_NL@Pagina;fr_FR@Page;es_ES@Página;ru_RU@Страница;zh_CN@页;pl_PL@Strona;pt_BR@Página;cs_CZ@Strana;it_IT@Pagina;hu_HU@Tervlap;pt_PT@Página;ko_KR@페이지;ja_JP@ページ;tr_TR@Sayfa;ro_RO@Pagină;zh_TW@頁面;">
 <S54x505 A961="3" A962="0" A963="0" A964="L" A965="0" A966="4" A967="64" A968="8" A969="0" A4000="L" A4001="L" A4013="0"/>
 </O30>
 <O31 Build="17406" A1="31/116688" A3="0" A13="0" A14="0" A404="1" A405="64" A406="0" A407="0" A411="200" A412="0" A413="L" A414="0.25" A415="L" A416="1" A531="336/272" A532="336/30"/>
 <O31 Build="17406" A1="31/116689" A3="0" A13="0" A14="0" A404="1" A405="64" A406="0" A407="0" A411="200" A412="0" A413="L" A414="0.25" A415="L" A416="1" A531="12/264" A532="408/264"/>
 <O31 Build="17406" A1="31/116690" A3="0" A13="0" A14="0" A404="1" A405="64" A406="0" A407="0" A411="200" A412="0" A413="L" A414="0.13" A415="L" A416="1" A531="12/66" A532="408/66"/>
 <O31 Build="17406" A1="31/116691" A3="0" A13="0" A14="0" A404="1" A405="64" A406="0" A407="0" A411="200" A412="0" A413="L" A414="0.13" A415="L" A416="1" A531="12/60" A532="408/60"/>
 <O31 Build="17406" A1="31/116692" A3="0" A13="0" A14="0" A404="1" A405="64" A406="0" A407="0" A411="200" A412="0" A413="L" A414="0.25" A415="L" A416="1" A531="12/54" A532="408/54"/>
 <O31 Build="17406" A1="31/116693" A3="0" A13="0" A14="0" A404="1" A405="64" A406="0" A407="0" A411="200" A412="0" A413="L" A414="0.13" A415="L" A416="1" A531="12/48" A532="408/48"/>
 <O31 Build="17406" A1="31/116694" A3="0" A13="0" A14="0" A404="1" A405="64" A406="0" A407="0" A411="200" A412="0" A413="L" A414="0.13" A415="L" A416="1" A531="12/42" A532="408/42"/>
 <O31 Build="17406" A1="31/116695" A3="0" A13="0" A14="0" A404="1" A405="64" A406="0" A407="0" A411="200" A412="0" A413="L" A414="0.13" A415="L" A416="1" A531="12/36" A532="408/36"/>
 <O52 Build="17406" A1="52/116696" A3="0" A13="0" A14="0" A404="1" A405="64" A406="0" A407="0" A411="450" A412="L" A413="L" A414="L" A415="L" A416="0" A501="14.5/261" A503="0" A506="0" A511="" A941="11009" A942="0" A943="20000" A944="0" A945="1" A946="0" A947="1" A949="-4" A950="" A4017="" A4019="2147483647" A4020="-1" A4051="-1" A4052="-2" A4064="0">
 <S54x505 A961="2.5" A962="0" A963="0" A964="L" A965="0" A966="4" A967="0" A968="0" A969="0" A4000="L" A4001="L" A4013="0"/>
 </O52>
 <O52 Build="17406" A1="52/116697" A3="0" A13="0" A14="0" A404="1" A405="64" A406="0" A407="0" A411="450" A412="L" A413="L" A414="L" A415="L" A416="0" A501="390/261" A503="0" A506="0" A511="" A941="11022" A942="0" A943="20000" A944="0" A945="1" A946="0" A947="1" A949="-4" A950="" A4017="" A4019="2147483647" A4020="-1" A4051="-1" A4052="-2" A4064="0">
 <S54x505 A961="2.5" A962="0" A963="0" A964="L" A965="0" A966="5" A967="0" A968="0" A969="0" A4000="L" A4001="L" A4013="0"/>
 </O52>
 <O52 Build="17406" A1="52/116698" A3="0" A13="0" A14="0" A404="1" A405="64" A406="0" A407="0" A411="450" A412="L" A413="L" A414="L" A415="L" A416="0" A501="154.5/261" A503="0" A506="0" A511="" A941="11011" A942="0" A943="20000" A944="0" A945="1" A946="0" A947="1" A949="-4" A950="" A4017="" A4019="2147483647" A4020="-1" A4051="-1" A4052="-2" A4064="0">
 <S54x505 A961="2.5" A962="0" A963="0" A964="L" A965="0" A966="4" A967="0" A968="0" A969="0" A4000="L" A4001="L" A4013="0"/>
 </O52>
 <O52 Build="17406" A1="52/116699" A3="0" A13="0" A14="0" A404="1" A405="64" A406="0" A407="0" A411="450" A412="L" A413="L" A414="L" A415="L" A416="0" A501="82.5/261" A503="0" A506="0" A511="" A941="11017" A942="0" A943="20000" A944="0" A945="1" A946="0" A947="1" A949="-4" A950="" A4017="" A4019="2147483647" A4020="-1" A4051="-1" A4052="-2" A4064="0">
 <S54x505 A961="2.5" A962="0" A963="0" A964="L" A965="0" A966="4" A967="0" A968="0" A969="0" A4000="L" A4001="L" A4013="0"/>
 </O52>
 <O52 Build="17406" A1="52/116700" A3="0" A13="0" A14="0" A404="1" A405="64" A406="0" A407="0" A411="450" A412="L" A413="L" A414="L" A415="L" A416="0" A501="354/261" A503="0" A506="0" A511="" A941="11024" A942="0" A943="20000" A944="0" A945="1" A946="0" A947="1" A949="-4" A950="" A4017="" A4019="2147483647" A4020="-1" A4051="-1" A4052="-2" A4064="0">
 <S54x505 A961="2.5" A962="0" A963="0" A964="L" A965="0" A966="5" A967="0" A968="0" A969="0" A4000="L" A4001="L" A4013="0"/>
 </O52>
 </O51>
</EplanPxfRoot>
