<?xml version="1.0" encoding="utf-8" ?>
<EplanPxfRoot Name="F06_004_en_US" Type="Form" Version="2022.0.17406" PxfVersion="1.23" SchemaVersion="1.7.17406" Source="" SourceProject="D:\Master Data\Forms\Translate20.elk" Description="" ConfigurationFlags="65536" NumMainObjects="0" NumProjectSteps="0" NumMDSteps="0" StreamSchema="EBitmap, ,2,1,2;EPosition3D, ,0,3,2;ERay3D, ,0,4,2;EStreamableVector, ,0,5,2;BaseTextLine@W3D, ,2,9,2;Box3d@W3D, ,0,10,2;DMNCDataSet, ,1,12,2;DMNCDataSetVector, ,1,13,2;Linetype@W3D, ,0,15,2;Color@W3D, ,0,16,2;Material@W3D, ,3,17,2;Mesh3d@W3D, ,8,19,2;Mesh3dX@W3D, ,2,20,2;MeshBox@W3D, ,5,21,2;MeshEdge3d@W3D, ,0,22,2;MeshFace3d@W3D, ,2,23,2;MeshPoint3d@W3D, ,1,24,2;MeshPolygon3d@W3D, ,1,25,2;MeshSimpleTextureTriangle3d@W3D, ,2,26,2;MeshSimpleTriangle3d@W3D, ,1,27,2;MeshText3dX@W3D, ,0,28,2;MeshTriangle3d@W3D, ,2,29,2;MeshTriangleFace3d@W3D, ,0,30,2;MeshTriangleFaceEdge3D@W3D, ,0,31,2;CTexture@W3D,W3dBaseGeometry,0,81,2;MeshMate@W3D,W3dMeshModeller,7,82,2;MeshMateFace@W3D,W3dMeshModeller,1,83,2;MeshMateGrid@W3D,W3dMeshModeller,8,84,2;MeshMateGridLine@W3D,W3dMeshModeller,1,85,2;MeshMateLine@W3D,W3dMeshModeller,1,86,2">
 <O76 Build="17406" A1="76/116826" A3="0" A13="0" A14="0" A1422="1" A1423="1" A1424="0" A1425="" A1426="1000" A1427="0" A1428="5" A1429="0" A1430="1" A1433="0" A1434="0" A1435="0">
 <S54x1432 A961="2" A962="0" A963="0" A964="0" A965="0" A966="7" A967="0" A968="0" A969="0" A4000="100" A4001="0" A4013="0"/>
 </O76>
 <O51 Build="17406" A1="51/116795" A3="0" A13="0" A14="0" A404="1" A405="64" A406="0" A407="0" A431="1" A901="14" A902="F06_004_en_US">
 <P11 P13002="1" P13003="1120;0|1220;0" P13005="30" P13007="16.64" P13008="0" P13019="1;1|5;1|6;:|5;1|3;1|5;1|6;-|5;1|4;1" P13060="4" P13102="1" P13105="0" P14020="EPL" P14021="1274255743" P14022="EPL" P14023="1615977345" P18000="F06_002" P18011="de_DE@Inhaltsverzeichnis&#10;ANSI D Querformat&#10;1 Spalte&#10;30 Zeilen;en_US@Table of contents&#10;ANSI D Landscape format&#10;1 Column&#10;30 Rows;es_ES@Indice de páginas&#10;ANSI D Formato horizontal&#10;1 Columna&#10;30 Filas;fr_FR@Table des matières&#10;ANSI D Format paysage&#10;1 Colonne&#10;30 Lignes;nl_NL@Inhoudsopgave&#10;ANSI D Liggend&#10;1 Kolom&#10;30 Rijen;sv_SE@Innehållsförteckning&#10;ANSI D Liggande&#10;1 Kolumn&#10;30 Rader;da_DK@Indholdsfortegnelse&#10;ANSI D Tværformat&#10;1 Spalte&#10;30 Rækken;ru_RU@Содержание&#10;ANSI D Гориз. формат&#10;1 Столбец&#10;30 Строки;zh_CN@目录&#10;ANSI D 水平格式&#10;1 列&#10;30 行;pl_PL@Spis treści&#10;ANSI D Format poziomy&#10;1 Kolumna&#10;30 Wiersze;pt_BR@Índice&#10;ANSI D Formato paisagem&#10;1 Coluna&#10;30 Linhas;cs_CZ@Obsah&#10;ANSI D Formát na šířku&#10;1 Sloupec&#10;30 Řádky;it_IT@Sommario delle pagine&#10;ANSI D Orizzontale&#10;1 Colonna&#10;30 Righe;hu_HU@Tartalomjegyzék&#10;ANSI D Keresztformátum&#10;1 Oszlop&#10;30 Sorok;pt_PT@Tabela de conteúdos&#10;ANSI D Formato horizontal&#10;1 Coluna&#10;30 Linhas;ko_KR@목차&#10;ANSI D 가로 형식&#10;1 열&#10;30 행;ja_JP@目次&#10;ANSI D 横長書式&#10;1 列&#10;30 行;tr_TR@İçindekiler dizini&#10;ANSI D Yatay format&#10;1 Sütun&#10;30 Satırlar;ro_RO@Cuprins&#10;ANSI D Tip vedere&#10;1 Coloană&#10;30 Rânduri;zh_TW@目錄&#10;ANSI D 橫向格式&#10;1 欄&#10;30 列;" P18061="4"/>
 <O128 Build="17406" A1="128/116796" A3="0" A13="0" A14="0" A404="1" A405="64" A406="0" A407="0" A411="316" A412="0" A413="4" A414="1" A415="L" A416="1" A1651="2.92/406.94" A1652="859.88/423.58" A1653="0" A1654="0" A1655="0" A1656="0" A1657="0" A2096="1" A2097="0" A2099="0" A2100="" A4010="0"/>
 <O128 Build="17406" A1="128/116797" A3="0" A13="0" A14="0" A404="1" A405="64" A406="0" A407="0" A411="316" A412="0" A413="4" A414="1" A415="L" A416="1" A1651="2.92/496.38" A1652="859.88/515.1" A1653="0" A1654="0" A1655="0" A1656="0" A1657="0" A2096="2" A2097="0" A2099="0" A2100="" A4010="0"/>
 <O128 Build="17406" A1="128/116798" A3="0" A13="0" A14="0" A404="1" A405="64" A406="0" A407="0" A411="200" A412="L" A413="4" A414="1" A415="L" A416="0" A1651="2.92/315.42" A1652="859.88/315.42" A1653="0" A1654="0" A1655="0" A1656="0" A1657="0" A2096="4" A2097="0" A2099="0" A2100="" A4010="0"/>
 <O89 Build="17406" A1="89/116799" A3="0" A13="0" A14="0" A404="1" A405="64" A406="0" A407="0" A411="200" A412="0" A413="L" A414="0.35" A415="L" A416="1" A1651="2.92/515.1" A1652="859.88/540.06" A1653="0" A1654="0" A1655="0" A1656="0" A1657="0"/>
 <O30 Build="17406" A1="30/116800" A3="0" A13="0" A14="0" A404="49" A405="64" A406="0" A407="0" A411="200" A412="L" A413="L" A414="L" A415="L" A416="0" A501="227.56/527.58" A503="0" A506="0" A511="de_DE@Seite;en_US@Page;da_DK@Side;sv_SE@Blad;nl_NL@Pagina;fr_FR@Page;es_ES@Página;ru_RU@Страница;zh_CN@页;pl_PL@Strona;pt_BR@Página;cs_CZ@Strana;it_IT@Pagina;hu_HU@Tervlap;pt_PT@Página;ko_KR@페이지;ja_JP@ページ;tr_TR@Sayfa;ro_RO@Pagină;zh_TW@頁面;">
 <S54x505 A961="6.24" A962="0" A963="0" A964="L" A965="0" A966="5" A967="37.44" A968="24.96" A969="0" A4000="L" A4001="L" A4013="0"/>
 </O30>
 <O31 Build="17406" A1="31/116801" A3="0" A13="0" A14="0" A404="1" A405="64" A406="0" A407="0" A411="200" A412="0" A413="L" A414="0.25" A415="L" A416="1" A531="246.28/540.06" A532="246.28/515.1"/>
 <O30 Build="17406" A1="30/116802" A3="0" A13="0" A14="0" A404="49" A405="64" A406="0" A407="0" A411="200" A412="L" A413="L" A414="L" A415="L" A416="0" A501="735.08/527.58" A503="0" A506="0" A511="de_DE@Datum;da_DK@Dato;sv_SE@Datum;nl_NL@Datum;fr_FR@Date;es_ES@Fecha;zh_CN@日期;en_US@Date;ru_RU@Дата;pl_PL@Data;pt_BR@Data;cs_CZ@Datum;it_IT@Data;hu_HU@Dátum;pt_PT@Data;ko_KR@날짜;ja_JP@日付;tr_TR@Tarih;ro_RO@Data;zh_TW@日期;">
 <S54x505 A961="6.24" A962="0" A963="0" A964="L" A965="0" A966="5" A967="83.2" A968="24.96" A969="0" A4000="L" A4001="L" A4013="0"/>
 </O30>
 <O30 Build="17406" A1="30/116803" A3="0" A13="0" A14="0" A404="17" A405="64" A406="0" A407="0" A411="200" A412="L" A413="L" A414="L" A415="L" A416="0" A501="2.92/548.38" A503="0" A506="0" A511="de_DE@Inhaltsverzeichnis;en_US@Table of contents;da_DK@Indholdsfortegnelse;sv_SE@Innehållsförteckning;nl_NL@Inhoudsopgave;fr_FR@Table des matières;es_ES@Indice de páginas;ru_RU@Содержание;zh_CN@目录;pl_PL@Spis treści;pt_BR@Índice;cs_CZ@Obsah;it_IT@Sommario delle pagine;hu_HU@Tartalomjegyzék;pt_PT@Tabela de conteúdos;ko_KR@목차;ja_JP@目次;tr_TR@İçindekiler dizini;ro_RO@Cuprins;zh_TW@目錄;">
 <S54x505 A961="12.48" A962="0" A963="0" A964="L" A965="0" A966="10" A967="0" A968="0" A969="0" A4000="L" A4001="L" A4013="0"/>
 </O30>
 <O30 Build="17406" A1="30/116804" A3="0" A13="0" A14="0" A404="49" A405="64" A406="0" A407="0" A411="200" A412="L" A413="L" A414="L" A415="L" A416="0" A501="105.88/527.58" A503="0" A506="0" A511="en_US@Assignment;da_DK@Tilknytning;sv_SE@Tilldelning;nl_NL@Toekenning;fr_FR@Attribution;es_ES@Asignación;ru_RU@Присвоение;zh_CN@分配;de_DE@Zuordnung;pl_PL@Przyporządkowanie;pt_BR@Atribuição;cs_CZ@Přiřazení;it_IT@Assegnazione;hu_HU@Hozzárendelés;pt_PT@Atribuição;ko_KR@할당;ja_JP@割り当て;tr_TR@Atama;ro_RO@Atribut;zh_TW@分配;">
 <S54x505 A961="6.24" A962="0" A963="0" A964="L" A965="0" A966="5" A967="205.92" A968="24.96" A969="0" A4000="L" A4001="L" A4013="0"/>
 </O30>
 <O30 Build="17406" A1="30/116805" A3="0" A13="0" A14="0" A404="49" A405="64" A406="0" A407="0" A411="200" A412="L" A413="L" A414="L" A415="L" A416="0" A501="469.88/527.58" A503="0" A506="0" A511="de_DE@Seitenbeschreibung;en_US@Page description;es_ES@Descripción de página;fr_FR@Description de page;nl_NL@Paginabeschrijving;sv_SE@Bladbeskrivning;da_DK@Sidebeskrivelse;ru_RU@Описание страниц;zh_CN@页描述;pl_PL@Opis stron;pt_BR@Descrição da página;cs_CZ@Popis stran;it_IT@Descrizione pagina;hu_HU@Tervlap leírás;pt_PT@Descrição da página;ko_KR@페이지 설명;ja_JP@ページ説明;tr_TR@Sayfa açıklaması;ro_RO@Descriere pagină;zh_TW@頁面說明;">
 <S54x505 A961="6.24" A962="0" A963="0" A964="L" A965="0" A966="5" A967="447.2" A968="24.96" A969="0" A4000="L" A4001="L" A4013="0"/>
 </O30>
 <O31 Build="17406" A1="31/116806" A3="0" A13="0" A14="0" A404="1" A405="64" A406="0" A407="0" A411="200" A412="0" A413="L" A414="0.25" A415="L" A416="1" A531="776.68/540.06" A532="776.68/515.1"/>
 <O30 Build="17406" A1="30/116807" A3="0" A13="0" A14="0" A404="49" A405="64" A406="0" A407="0" A411="200" A412="L" A413="L" A414="L" A415="L" A416="0" A501="818.28/527.58" A503="0" A506="0" A511="de_DE@Bearbeiter;en_US@Edited by;es_ES@Responsable;fr_FR@Editeur;nl_NL@Bewerker;sv_SE@Redigerare;da_DK@Redigeret af;ru_RU@Обработчик;zh_CN@编辑者;pl_PL@Opracował;pt_BR@Editor;cs_CZ@Zpracoval;it_IT@Elaboratore;hu_HU@Szerkesztő;pt_PT@Editor;ko_KR@편집자;ja_JP@編集者;tr_TR@Düzenleyen;ro_RO@Editor;zh_TW@編輯者;">
 <S54x505 A961="6.24" A962="0" A963="0" A964="L" A965="0" A966="5" A967="83.2" A968="24.96" A969="0" A4000="L" A4001="L" A4013="0"/>
 </O30>
 <O34 Build="17406" A1="34/116808" A3="0" A13="0" A14="0" A404="1" A405="64" A406="0" A407="0" A411="200" A412="L" A413="L" A414="0.13" A415="L" A416="0" A621="246.28/406.94;246.28/423.58" A623="0" A624="0"/>
 <O34 Build="17406" A1="34/116809" A3="0" A13="0" A14="0" A404="1" A405="64" A406="0" A407="0" A411="200" A412="L" A413="L" A414="0.13" A415="L" A416="0" A621="693.48/406.94;693.48/423.58" A623="0" A624="0"/>
 <O34 Build="17406" A1="34/116810" A3="0" A13="0" A14="0" A404="1" A405="64" A406="0" A407="0" A411="200" A412="L" A413="L" A414="0.13" A415="L" A416="0" A621="776.68/406.94;776.68/423.58" A623="0" A624="0"/>
 <O31 Build="17406" A1="31/116811" A3="0" A13="0" A14="0" A404="1" A405="64" A406="0" A407="0" A411="200" A412="0" A413="L" A414="0.25" A415="L" A416="1" A531="208.84/540.06" A532="208.84/515.1"/>
 <O89 Build="17406" A1="89/116812" A3="0" A13="0" A14="0" A404="1" A405="64" A406="0" A407="0" A411="200" A412="0" A413="L" A414="0.25" A415="L" A416="1" A1651="208.84/406.94" A1652="859.88/423.58" A1653="0" A1654="0" A1655="0" A1656="0" A1657="0"/>
 <O34 Build="17406" A1="34/116813" A3="0" A13="0" A14="0" A404="1" A405="64" A406="0" A407="0" A411="200" A412="L" A413="L" A414="0.25" A415="L" A416="0" A621="2.92/496.38;2.92/515.1" A623="0" A624="0"/>
 <O34 Build="17406" A1="34/116814" A3="0" A13="0" A14="0" A404="1" A405="64" A406="0" A407="0" A411="200" A412="L" A413="L" A414="0.13" A415="L" A416="0" A621="859.88/515.1;2.92/515.1" A623="0" A624="0"/>
 <O34 Build="17406" A1="34/116815" A3="0" A13="0" A14="0" A404="1" A405="64" A406="0" A407="0" A411="200" A412="L" A413="L" A414="0.25" A415="L" A416="0" A621="2.92/406.94;2.92/423.58" A623="0" A624="0"/>
 <O31 Build="17406" A1="31/116816" A3="0" A13="0" A14="0" A404="1" A405="64" A406="0" A407="0" A411="200" A412="0" A413="L" A414="0.25" A415="L" A416="1" A531="693.48/540.06" A532="693.48/515.1"/>
 <O34 Build="17406" A1="34/116817" A3="0" A13="0" A14="0" A404="1" A405="64" A406="0" A407="0" A411="200" A412="L" A413="L" A414="0.13" A415="L" A416="0" A621="2.92/315.42;859.88/315.42" A623="0" A624="0"/>
 <O34 Build="17406" A1="34/116818" A3="0" A13="0" A14="0" A404="1" A405="64" A406="0" A407="0" A411="200" A412="L" A413="L" A414="0.25" A415="L" A416="0" A621="859.88/496.38;859.88/515.1" A623="0" A624="0"/>
 <O53 Build="17406" A1="53/116819" A3="0" A13="0" A14="0" A404="1" A405="64" A406="0" A407="0" A411="452" A412="0" A413="L" A414="L" A415="L" A416="0" A501="843.24/548.38" A503="0" A506="0" A771="11015" A772="0" A773="0" A774="0" A951="4" A952="0" A953="0" A954="0" A955="0">
 <S54x505 A961="5.2" A962="0" A963="0" A964="L" A965="0" A966="12" A967="0" A968="0" A969="0" A4000="L" A4001="L" A4013="0"/>
 </O53>
 <O52 Build="17406" A1="52/116820" A3="0" A13="0" A14="0" A404="49" A405="64" A406="0" A407="0" A411="450" A412="L" A413="L" A414="L" A415="L" A416="0" A501="469.88/506.78" A503="0" A506="0" A511="" A941="1230" A942="0" A943="20000" A944="0" A945="1" A946="0" A947="1" A949="-4" A950="" A4017="" A4019="2147483647" A4020="-1" A4051="-1" A4052="-2" A4064="0">
 <S54x505 A961="7.28" A962="0" A963="0" A964="L" A965="16" A966="5" A967="447.2" A968="12.48" A969="0" A4000="L" A4001="L" A4013="0"/>
 </O52>
 <O52 Build="17406" A1="52/116821" A3="0" A13="0" A14="0" A404="49" A405="64" A406="0" A407="0" A411="450" A412="L" A413="L" A414="L" A415="L" A416="0" A501="250.44/415.26" A503="0" A506="22" A511="" A941="11011" A942="0" A943="20000" A944="0" A945="1" A946="0" A947="1" A949="-4" A950="" A4017="" A4019="2147483647" A4020="-1" A4051="-1" A4052="-2" A4064="0">
 <S54x505 A961="5.2" A962="0" A963="0" A964="L" A965="144" A966="4" A967="443.04" A968="16.64" A969="0" A4000="L" A4001="L" A4013="0"/>
 </O52>
 <O52 Build="17406" A1="52/116822" A3="0" A13="0" A14="0" A404="49" A405="64" A406="0" A407="0" A411="450" A412="L" A413="L" A414="L" A415="L" A416="0" A501="735.08/415.26" A503="0" A506="0" A511="" A941="11024" A942="0" A943="20000" A944="0" A945="1" A946="0" A947="1" A949="-4" A950="" A4017="" A4019="2147483647" A4020="-1" A4051="-1" A4052="-2" A4064="0">
 <S54x505 A961="5.2" A962="0" A963="0" A964="L" A965="0" A966="5" A967="83.2" A968="16.64" A969="0" A4000="L" A4001="L" A4013="0"/>
 </O52>
 <O52 Build="17406" A1="52/116823" A3="0" A13="0" A14="0" A404="49" A405="64" A406="0" A407="0" A411="450" A412="0" A413="L" A414="L" A415="L" A416="0" A501="2.92/506.78" A503="0" A506="0" A511="" A941="0" A942="0" A943="0" A944="0" A945="1" A946="0" A947="1" A949="-4" A950="[SP][20000&lt;1140,0,0,0,0,0,0,0,0,%%_%%,0,0,0,0,0&gt;][SP][20000&lt;1240,0,0,0,0,0,0,0,0,%%_%%,0,0,0,0,0&gt;]" A4017="" A4019="2147483647" A4020="-1" A4051="-1" A4052="-2" A4064="0">
 <S54x505 A961="6.24" A962="0" A963="0" A964="L" A965="0" A966="4" A967="205.92" A968="12.48" A969="0" A4000="L" A4001="L" A4013="0"/>
 </O52>
 <O52 Build="17406" A1="52/116824" A3="0" A13="0" A14="0" A404="49" A405="64" A406="0" A407="0" A411="450" A412="L" A413="L" A414="L" A415="L" A416="0" A501="818.28/415.26" A503="0" A506="0" A511="" A941="11022" A942="0" A943="20000" A944="0" A945="1" A946="0" A947="1" A949="-4" A950="" A4017="" A4019="2147483647" A4020="-1" A4051="-1" A4052="-2" A4064="0">
 <S54x505 A961="5.2" A962="0" A963="0" A964="L" A965="0" A966="5" A967="83.2" A968="16.64" A969="0" A4000="L" A4001="L" A4013="0"/>
 </O52>
 <O52 Build="17406" A1="52/116825" A3="0" A13="0" A14="0" A404="17" A405="64" A406="0" A407="0" A411="450" A412="0" A413="L" A414="L" A415="L" A416="0" A501="240.04/415.26" A503="0" A506="0" A511="" A941="11000" A942="0" A943="20000" A944="0" A945="1" A946="0" A947="1" A949="-4" A950="" A4017="" A4019="2147483647" A4020="-1" A4051="-1" A4052="-2" A4064="0">
 <S54x505 A961="5.2" A962="0" A963="0" A964="L" A965="0" A966="6" A967="0" A968="0" A969="0" A4000="L" A4001="L" A4013="0"/>
 </O52>
 </O51>
</EplanPxfRoot>
