<?xml version="1.0" encoding="utf-8" ?>
<EplanPxfRoot Name="F06_001" Type="Form" Version="2022.0.17406" PxfVersion="1.23" SchemaVersion="1.7.17406" Source="" SourceProject="D:\Master Data\Forms\Translate20.elk" Description="" ConfigurationFlags="65536" NumMainObjects="0" NumProjectSteps="0" NumMDSteps="0" StreamSchema="EBitmap, ,2,1,2;EPosition3D, ,0,3,2;ERay3D, ,0,4,2;EStreamableVector, ,0,5,2;BaseTextLine@W3D, ,2,9,2;Box3d@W3D, ,0,10,2;DMNCDataSet, ,1,12,2;DMNCDataSetVector, ,1,13,2;Linetype@W3D, ,0,15,2;Color@W3D, ,0,16,2;Material@W3D, ,3,17,2;Mesh3d@W3D, ,8,19,2;Mesh3dX@W3D, ,2,20,2;MeshBox@W3D, ,5,21,2;MeshEdge3d@W3D, ,0,22,2;MeshFace3d@W3D, ,2,23,2;MeshPoint3d@W3D, ,1,24,2;MeshPolygon3d@W3D, ,1,25,2;MeshSimpleTextureTriangle3d@W3D, ,2,26,2;MeshSimpleTriangle3d@W3D, ,1,27,2;MeshText3dX@W3D, ,0,28,2;MeshTriangle3d@W3D, ,2,29,2;MeshTriangleFace3d@W3D, ,0,30,2;MeshTriangleFaceEdge3D@W3D, ,0,31,2;CTexture@W3D,W3dBaseGeometry,0,81,2;MeshMate@W3D,W3dMeshModeller,7,82,2;MeshMateFace@W3D,W3dMeshModeller,1,83,2;MeshMateGrid@W3D,W3dMeshModeller,8,84,2;MeshMateGridLine@W3D,W3dMeshModeller,1,85,2;MeshMateLine@W3D,W3dMeshModeller,1,86,2">
 <O76 Build="17406" A1="76/116432" A3="0" A13="0" A14="0" A1422="1" A1423="1" A1424="0" A1425="" A1426="1000" A1427="0" A1428="5" A1429="0" A1430="1" A1433="0" A1434="0" A1435="0">
 <S54x1432 A961="2" A962="0" A963="0" A964="0" A965="0" A966="7" A967="0" A968="0" A969="0" A4000="100" A4001="0" A4013="0"/>
 </O76>
 <O51 Build="17406" A1="51/116377" A3="0" A13="0" A14="0" A404="1" A405="64" A406="0" A407="0" A431="1" A901="14" A902="F06_001">
 <P11 P13002="0" P13004="0" P13005="33" P13006="0" P13007="7" P13008="0" P13013="0" P13014="0" P13019="1;1|5;1|6;:|5;1|3;1|5;1|6;-|5;1|4;1" P13028="0" P14020="EPL" P14021="1054954275" P14022="EPL" P14023="1615977345" P18000="F06_001" P18011="de_DE@Inhaltsverzeichnis&#10;DIN A3 Querformat&#10;1 Spalte&#10;33 Zeilen;en_US@Table of contents&#10;DIN A3 Landscape format&#10;1 Column&#10;33 Rows;es_ES@Indice de páginas&#10;DIN A3 Formato horizontal&#10;1 Columna&#10;33 Filas;fr_FR@Table des matières&#10;DIN A3 Format paysage&#10;1 Colonne&#10;33 Lignes;nl_NL@Inhoudsopgave&#10;DIN A3 Liggend&#10;1 Kolom&#10;33 Rijen;sv_SE@Innehållsförteckning&#10;DIN A3 Liggande&#10;1 Kolumn&#10;33 Rader;da_DK@Indholdsfortegnelse&#10;DIN A3 Tværformat&#10;1 Spalte&#10;33 Rækken;ru_RU@Содержание&#10;DIN A3 Гориз. формат&#10;1 Столбец&#10;33 Строки;zh_CN@目录&#10;DIN A3 水平格式&#10;1 列&#10;33 行;pl_PL@Spis treści&#10;DIN A3 Format poziomy&#10;1 Kolumna&#10;33 Wiersze;pt_BR@Índice&#10;DIN A3 Formato paisagem&#10;1 Coluna&#10;33 Linhas;cs_CZ@Obsah&#10;DIN A3 Formát na šířku&#10;1 Sloupec&#10;33 Řádky;it_IT@Sommario delle pagine&#10;DIN A3 Orizzontale&#10;1 Colonna&#10;33 Righe;hu_HU@Tartalomjegyzék&#10;DIN A3 Keresztformátum&#10;1 Oszlop&#10;33 Sorok;pt_PT@Tabela de conteúdos&#10;DIN A3 Formato horizontal&#10;1 Coluna&#10;33 Linhas;ko_KR@목차&#10;DIN A3 가로 형식&#10;1 열&#10;33 행;ja_JP@目次&#10;DIN A3 横長書式&#10;1 列&#10;33 行;tr_TR@İçindekiler dizini&#10;DIN A3 Yatay format&#10;1 Sütun&#10;33 Satırlar;ro_RO@Cuprins&#10;DIN A3 Tip vedere&#10;1 Coloană&#10;33 Rânduri;zh_TW@目錄&#10;DIN A3 橫向格式&#10;1 欄&#10;33 列;" P18061="4"/>
 <O30 Build="17406" A1="30/116378" A3="0" A13="0" A14="0" A404="49" A405="64" A406="0" A407="0" A411="200" A412="L" A413="L" A414="L" A415="L" A416="0" A501="379/268.5" A503="0" A506="25" A511="de_DE@Bearbeiter;en_US@Edited by;nl_NL@Bewerker;es_ES@Responsable;da_DK@Redigeret af;fr_FR@Editeur;sv_SE@Redigerare;ru_RU@Обработчик;zh_CN@编辑者;pl_PL@Opracował;pt_BR@Editor;cs_CZ@Zpracoval;it_IT@Elaboratore;hu_HU@Szerkesztő;pt_PT@Editor;ko_KR@편집자;ja_JP@編集者;tr_TR@Düzenleyen;ro_RO@Editor;zh_TW@編輯者;">
 <S54x505 A961="2.5" A962="0" A963="0" A964="L" A965="16" A966="5" A967="22" A968="7" A969="0" A4000="L" A4001="L" A4013="0"/>
 </O30>
 <O31 Build="17406" A1="31/116379" A3="0" A13="0" A14="0" A404="1" A405="64" A406="0" A407="0" A411="200" A412="0" A413="L" A414="0.25" A415="L" A416="1" A531="12/195" A532="408/195"/>
 <O31 Build="17406" A1="31/116380" A3="0" A13="0" A14="0" A404="1" A405="64" A406="0" A407="0" A411="200" A412="0" A413="L" A414="0.13" A415="L" A416="1" A531="12/202" A532="408/202"/>
 <O31 Build="17406" A1="31/116381" A3="0" A13="0" A14="0" A404="1" A405="64" A406="0" A407="0" A411="200" A412="0" A413="L" A414="0.13" A415="L" A416="1" A531="12/181" A532="408/181"/>
 <O31 Build="17406" A1="31/116382" A3="0" A13="0" A14="0" A404="1" A405="64" A406="0" A407="0" A411="200" A412="0" A413="L" A414="0.13" A415="L" A416="1" A531="12/167" A532="408/167"/>
 <O31 Build="17406" A1="31/116383" A3="0" A13="0" A14="0" A404="1" A405="64" A406="0" A407="0" A411="200" A412="0" A413="L" A414="0.13" A415="L" A416="1" A531="12/153" A532="408/153"/>
 <O31 Build="17406" A1="31/116384" A3="0" A13="0" A14="0" A404="1" A405="64" A406="0" A407="0" A411="200" A412="0" A413="L" A414="0.13" A415="L" A416="1" A531="12/139" A532="408/139"/>
 <O31 Build="17406" A1="31/116385" A3="0" A13="0" A14="0" A404="1" A405="64" A406="0" A407="0" A411="200" A412="0" A413="L" A414="0.25" A415="L" A416="1" A531="12/160" A532="408/160"/>
 <O31 Build="17406" A1="31/116386" A3="0" A13="0" A14="0" A404="1" A405="64" A406="0" A407="0" A411="200" A412="0" A413="L" A414="0.25" A415="L" A416="1" A531="12/125" A532="408/125"/>
 <O31 Build="17406" A1="31/116387" A3="0" A13="0" A14="0" A404="1" A405="64" A406="0" A407="0" A411="200" A412="0" A413="L" A414="0.25" A415="L" A416="1" A531="12/90" A532="408/90"/>
 <O30 Build="17406" A1="30/116388" A3="0" A13="0" A14="0" A404="17" A405="64" A406="0" A407="0" A411="200" A412="L" A413="L" A414="L" A415="L" A416="0" A501="356/276" A503="0" A506="0" A511="de_DE@Spalte X: eine automatisch erzeugte Seite wurde manuell nachbearbeitet;en_US@Column X: An automatically generated page was edited;da_DK@Spalte X: En automatisk fremstillet side blev efterlignet manuelt;sv_SE@Kolumn X: ett automatist genererat blad har efterredigerats manuellt;nl_NL@Kolom X: een automatisch gegenereerde pagina is handmatig bewerkt;fr_FR@Colonne X : une page créée automatiquement a été modifiée manuellement;es_ES@Columna X: una página creada automáticamente se ha modificado de forma manual;ru_RU@Столбец X: автоматически сгенерированная страница была доработана вручную;zh_CN@栏 X:一自动生成的页被手工修改;pl_PL@Kolumna X: automatycznie wygenerowana strona została edytowana ręcznie;pt_BR@Coluna X: uma página gerada automaticamente foi alterada manualmente;cs_CZ@Sloupec X: Automaticky generovaná strana byla dodatečně ručně upravena;it_IT@Colonna X: una pagina generata automaticamente è stata redatta manualmente;hu_HU@X oszlop: Egy automatikusan generált tervlap kézzel került utószerkesztésre;pt_PT@Coluna X: uma página gerada automaticamente foi alterada manualmente;ko_KR@열 X: 자동으로 생성된 페이지가 편집되었습니다;ja_JP@列 X: 自動生成ページが編集されている;tr_TR@X sütunu: Otomatik olarak oluşturulan bir sayfa manüel olarak düzenlendi;ro_RO@Coloana X: o pagină generată automat a fost post-editată manual;zh_TW@X 欄：已編輯自動產生的頁面;">
 <S54x505 A961="2.5" A962="0" A963="0" A964="L" A965="0" A966="12" A967="0" A968="0" A969="0" A4000="L" A4001="L" A4013="0"/>
 </O30>
 <O31 Build="17406" A1="31/116389" A3="0" A13="0" A14="0" A404="1" A405="64" A406="0" A407="0" A411="200" A412="0" A413="L" A414="0.25" A415="L" A416="1" A531="392/272" A532="392/34"/>
 <O89 Build="17406" A1="89/116390" A3="0" A13="0" A14="0" A404="1" A405="64" A406="0" A407="0" A411="200" A412="0" A413="L" A414="0.35" A415="L" A416="1" A1651="12/34" A1652="408/272" A1653="0" A1654="0" A1655="0" A1656="0" A1657="0"/>
 <O30 Build="17406" A1="30/116391" A3="0" A13="0" A14="0" A404="49" A405="64" A406="0" A407="0" A411="200" A412="L" A413="L" A414="L" A415="L" A416="0" A501="290/268.5" A503="0" A506="25" A511="de_DE@Seitenzusatzfeld;en_US@supplementary page field;da_DK@Sidetillægsfelt;sv_SE@Sidoextrafält;nl_NL@Extra paginaveld;fr_FR@Champ supplémentaire de page;es_ES@Campo adicional de página;ru_RU@Доп. поле страницы;zh_CN@增补页字段;pl_PL@Dodatkowe pole strony;pt_BR@Campo suplementar de páginas;cs_CZ@Doplňkové pole strany;it_IT@Campo aggiuntivo delle pagine;hu_HU@Tervlap kiegészítő mező;pt_PT@Campo suplementar da página;ko_KR@보조 페이지 필드;ja_JP@補足ページ フィールド;tr_TR@Sayfa ek alanı;ro_RO@Câmp suplimentar pagini;zh_TW@補充頁面欄位;">
 <S54x505 A961="2.5" A962="0" A963="0" A964="L" A965="16" A966="5" A967="76" A968="7" A969="0" A4000="L" A4001="L" A4013="0"/>
 </O30>
 <O31 Build="17406" A1="31/116392" A3="0" A13="0" A14="0" A404="1" A405="64" A406="0" A407="0" A411="200" A412="0" A413="L" A414="0.25" A415="L" A416="1" A531="250/272" A532="250/34"/>
 <O30 Build="17406" A1="30/116393" A3="0" A13="0" A14="0" A404="17" A405="64" A406="0" A407="0" A411="200" A412="L" A413="L" A414="L" A415="L" A416="0" A501="12/276" A503="0" A506="0" A511="de_DE@Inhaltsverzeichnis;en_US@Table of contents;da_DK@Indholdsfortegnelse;sv_SE@Innehållsförteckning;nl_NL@Inhoudsopgave;fr_FR@Table des matières;es_ES@Indice de páginas;ru_RU@Содержание;zh_CN@目录;pl_PL@Spis treści;pt_BR@Índice;cs_CZ@Obsah;it_IT@Sommario delle pagine;hu_HU@Tartalomjegyzék;pt_PT@Tabela de conteúdos;ko_KR@목차;ja_JP@目次;tr_TR@İçindekiler dizini;ro_RO@Cuprins;zh_TW@目錄;">
 <S54x505 A961="6" A962="0" A963="0" A964="L" A965="0" A966="10" A967="0" A968="0" A969="0" A4000="L" A4001="L" A4013="0"/>
 </O30>
 <O30 Build="17406" A1="30/116394" A3="0" A13="0" A14="0" A404="49" A405="64" A406="0" A407="0" A411="200" A412="L" A413="L" A414="L" A415="L" A416="0" A501="348/268.5" A503="0" A506="25" A511="de_DE@Datum;en_US@Date;da_DK@Dato;sv_SE@Datum;nl_NL@Datum;fr_FR@Date;es_ES@Fecha;ru_RU@Дата;zh_CN@日期;pl_PL@Data;pt_BR@Data;cs_CZ@Datum;it_IT@Data;hu_HU@Dátum;pt_PT@Data;ko_KR@날짜;ja_JP@日付;tr_TR@Tarih;ro_RO@Data;zh_TW@日期;">
 <S54x505 A961="2.5" A962="0" A963="0" A964="L" A965="16" A966="5" A967="32" A968="7" A969="0" A4000="L" A4001="L" A4013="0"/>
 </O30>
 <O30 Build="17406" A1="30/116395" A3="0" A13="0" A14="0" A404="49" A405="64" A406="0" A407="0" A411="200" A412="L" A413="L" A414="L" A415="L" A416="0" A501="165/268.5" A503="0" A506="25" A511="de_DE@Seitenbeschreibung;en_US@Page description;da_DK@Sidebeskrivelse;sv_SE@Bladbeskrivning;nl_NL@Paginabeschrijving;fr_FR@Description de page;es_ES@Descripción de página;ru_RU@Описание страниц;zh_CN@页描述;pl_PL@Opis stron;pt_BR@Descrição da página;cs_CZ@Popis stran;it_IT@Descrizione pagina;hu_HU@Tervlap leírás;pt_PT@Descrição da página;ko_KR@페이지 설명;ja_JP@ページ説明;tr_TR@Sayfa açıklaması;ro_RO@Descriere pagină;zh_TW@頁面說明;">
 <S54x505 A961="2.5" A962="0" A963="0" A964="L" A965="16" A966="5" A967="166" A968="7" A969="0" A4000="L" A4001="L" A4013="0"/>
 </O30>
 <O31 Build="17406" A1="31/116396" A3="0" A13="0" A14="0" A404="1" A405="64" A406="0" A407="0" A411="200" A412="0" A413="L" A414="0.13" A415="L" A416="1" A531="12/251" A532="408/251"/>
 <O31 Build="17406" A1="31/116397" A3="0" A13="0" A14="0" A404="1" A405="64" A406="0" A407="0" A411="200" A412="0" A413="L" A414="0.13" A415="L" A416="1" A531="12/258" A532="408/258"/>
 <O31 Build="17406" A1="31/116398" A3="0" A13="0" A14="0" A404="1" A405="64" A406="0" A407="0" A411="200" A412="0" A413="L" A414="0.13" A415="L" A416="1" A531="12/237" A532="408/237"/>
 <O31 Build="17406" A1="31/116399" A3="0" A13="0" A14="0" A404="1" A405="64" A406="0" A407="0" A411="200" A412="0" A413="L" A414="0.13" A415="L" A416="1" A531="12/223" A532="408/223"/>
 <O31 Build="17406" A1="31/116400" A3="0" A13="0" A14="0" A404="1" A405="64" A406="0" A407="0" A411="200" A412="0" A413="L" A414="0.25" A415="L" A416="1" A531="12/230" A532="408/230"/>
 <O31 Build="17406" A1="31/116401" A3="0" A13="0" A14="0" A404="1" A405="64" A406="0" A407="0" A411="200" A412="0" A413="L" A414="0.13" A415="L" A416="1" A531="12/209" A532="408/209"/>
 <O31 Build="17406" A1="31/116402" A3="0" A13="0" A14="0" A404="1" A405="64" A406="0" A407="0" A411="200" A412="0" A413="L" A414="0.13" A415="L" A416="1" A531="12/216" A532="408/216"/>
 <O31 Build="17406" A1="31/116403" A3="0" A13="0" A14="0" A404="1" A405="64" A406="0" A407="0" A411="200" A412="0" A413="L" A414="0.25" A415="L" A416="1" A531="366/272" A532="366/34"/>
 <O31 Build="17406" A1="31/116404" A3="0" A13="0" A14="0" A404="1" A405="64" A406="0" A407="0" A411="200" A412="0" A413="L" A414="0.13" A415="L" A416="1" A531="12/111" A532="408/111"/>
 <O31 Build="17406" A1="31/116405" A3="0" A13="0" A14="0" A404="1" A405="64" A406="0" A407="0" A411="200" A412="0" A413="L" A414="0.25" A415="L" A416="1" A531="12/265" A532="408/265"/>
 <O31 Build="17406" A1="31/116406" A3="0" A13="0" A14="0" A404="1" A405="64" A406="0" A407="0" A411="200" A412="0" A413="L" A414="0.13" A415="L" A416="1" A531="12/118" A532="408/118"/>
 <O31 Build="17406" A1="31/116407" A3="0" A13="0" A14="0" A404="1" A405="64" A406="0" A407="0" A411="200" A412="0" A413="L" A414="0.13" A415="L" A416="1" A531="12/97" A532="408/97"/>
 <O31 Build="17406" A1="31/116408" A3="0" A13="0" A14="0" A404="1" A405="64" A406="0" A407="0" A411="200" A412="0" A413="L" A414="0.13" A415="L" A416="1" A531="12/104" A532="408/104"/>
 <O53 Build="17406" A1="53/116409" A3="0" A13="0" A14="0" A404="1" A405="64" A406="0" A407="0" A411="452" A412="0" A413="L" A414="L" A415="L" A416="0" A501="408/276" A503="0" A506="0" A771="11015" A772="0" A773="0" A774="0" A951="4" A952="0" A953="0" A954="0" A955="0">
 <S54x505 A961="2.5" A962="0" A963="0" A964="L" A965="0" A966="12" A967="0" A968="0" A969="0" A4000="L" A4001="L" A4013="0"/>
 </O53>
 <O31 Build="17406" A1="31/116410" A3="0" A13="0" A14="0" A404="1" A405="64" A406="0" A407="0" A411="200" A412="0" A413="L" A414="0.13" A415="L" A416="1" A531="12/83" A532="408/83"/>
 <O31 Build="17406" A1="31/116411" A3="0" A13="0" A14="0" A404="1" A405="64" A406="0" A407="0" A411="200" A412="0" A413="L" A414="0.13" A415="L" A416="1" A531="12/69" A532="408/69"/>
 <O31 Build="17406" A1="31/116412" A3="0" A13="0" A14="0" A404="1" A405="64" A406="0" A407="0" A411="200" A412="0" A413="L" A414="0.25" A415="L" A416="1" A531="12/55" A532="408/55"/>
 <O31 Build="17406" A1="31/116413" A3="0" A13="0" A14="0" A404="1" A405="64" A406="0" A407="0" A411="200" A412="0" A413="L" A414="0.13" A415="L" A416="1" A531="12/62" A532="408/62"/>
 <O31 Build="17406" A1="31/116414" A3="0" A13="0" A14="0" A404="1" A405="64" A406="0" A407="0" A411="200" A412="0" A413="L" A414="0.13" A415="L" A416="1" A531="12/41" A532="408/41"/>
 <O31 Build="17406" A1="31/116415" A3="0" A13="0" A14="0" A404="1" A405="64" A406="0" A407="0" A411="200" A412="0" A413="L" A414="0.13" A415="L" A416="1" A531="12/48" A532="408/48"/>
 <O31 Build="17406" A1="31/116416" A3="0" A13="0" A14="0" A404="1" A405="64" A406="0" A407="0" A411="200" A412="0" A413="L" A414="0.13" A415="L" A416="1" A531="12/132" A532="408/132"/>
 <O31 Build="17406" A1="31/116417" A3="0" A13="0" A14="0" A404="1" A405="64" A406="0" A407="0" A411="200" A412="0" A413="L" A414="0.13" A415="L" A416="1" A531="12/188" A532="408/188"/>
 <O31 Build="17406" A1="31/116418" A3="0" A13="0" A14="0" A404="1" A405="64" A406="0" A407="0" A411="200" A412="0" A413="L" A414="0.13" A415="L" A416="1" A531="12/146" A532="408/146"/>
 <O31 Build="17406" A1="31/116419" A3="0" A13="0" A14="0" A404="1" A405="64" A406="0" A407="0" A411="200" A412="0" A413="L" A414="0.25" A415="L" A416="1" A531="80/272" A532="80/34"/>
 <O31 Build="17406" A1="31/116420" A3="0" A13="0" A14="0" A404="1" A405="64" A406="0" A407="0" A411="200" A412="0" A413="L" A414="0.13" A415="L" A416="1" A531="12/244" A532="408/244"/>
 <O31 Build="17406" A1="31/116421" A3="0" A13="0" A14="0" A404="1" A405="64" A406="0" A407="0" A411="200" A412="0" A413="L" A414="0.13" A415="L" A416="1" A531="12/174" A532="408/174"/>
 <O31 Build="17406" A1="31/116422" A3="0" A13="0" A14="0" A404="1" A405="64" A406="0" A407="0" A411="200" A412="0" A413="L" A414="0.13" A415="L" A416="1" A531="12/76" A532="408/76"/>
 <O30 Build="17406" A1="30/116423" A3="0" A13="0" A14="0" A404="49" A405="64" A406="0" A407="0" A411="200" A412="L" A413="L" A414="L" A415="L" A416="0" A501="400/268.5" A503="0" A506="25" A511="de_DE@X;en_US@X;da_DK@X;sv_SE@X;nl_NL@X;fr_FR@X;es_ES@X;ru_RU@X;zh_CN@X;pl_PL@X;pt_BR@X;cs_CZ@X;it_IT@X;hu_HU@X;pt_PT@X;ko_KR@X;ja_JP@X;tr_TR@X;ro_RO@X;zh_TW@X;">
 <S54x505 A961="2.5" A962="0" A963="0" A964="L" A965="16" A966="5" A967="12" A968="7" A969="0" A4000="L" A4001="L" A4013="0"/>
 </O30>
 <O30 Build="17406" A1="30/116424" A3="0" A13="0" A14="0" A404="49" A405="64" A406="0" A407="0" A411="200" A412="L" A413="L" A414="L" A415="L" A416="0" A501="46/268.5" A503="0" A506="25" A511="de_DE@Seite;en_US@Page;da_DK@Side;sv_SE@Blad;nl_NL@Pagina;fr_FR@Page;es_ES@Página;ru_RU@Страница;zh_CN@页;pl_PL@Strona;pt_BR@Página;cs_CZ@Strana;it_IT@Pagina;hu_HU@Tervlap;pt_PT@Página;ko_KR@페이지;ja_JP@ページ;tr_TR@Sayfa;ro_RO@Pagină;zh_TW@頁面;">
 <S54x505 A961="2.5" A962="0" A963="0" A964="L" A965="16" A966="5" A967="64" A968="7" A969="0" A4000="L" A4001="L" A4013="0"/>
 </O30>
 <O31 Build="17406" A1="31/116425" A3="0" A13="0" A14="0" A404="1" A405="64" A406="0" A407="0" A411="200" A412="0" A413="L" A414="0.25" A415="L" A416="1" A531="330/272" A532="330/34"/>
 <O52 Build="17406" A1="52/116426" A3="0" A13="0" A14="0" A404="1" A405="64" A406="0" A407="0" A411="450" A412="L" A413="L" A414="L" A415="L" A416="0" A501="14.5/261.5" A503="0" A506="0" A511="" A941="11009" A942="0" A943="20000" A944="0" A945="1" A946="0" A947="1" A949="-4" A950="" A4017="" A4019="2147483647" A4020="-1" A4051="-1" A4052="-2" A4064="0">
 <S54x505 A961="2.5" A962="0" A963="0" A964="L" A965="0" A966="4" A967="0" A968="0" A969="0" A4000="L" A4001="L" A4013="0"/>
 </O52>
 <O52 Build="17406" A1="52/116427" A3="0" A13="0" A14="0" A404="1" A405="64" A406="0" A407="0" A411="450" A412="L" A413="L" A414="L" A415="L" A416="0" A501="400/261.5" A503="0" A506="0" A511="" A941="11050" A942="0" A943="20000" A944="0" A945="1" A946="0" A947="1" A949="-4" A950="" A4017="" A4019="2147483647" A4020="-1" A4051="-1" A4052="-2" A4064="0">
 <S54x505 A961="2.5" A962="0" A963="0" A964="L" A965="0" A966="5" A967="0" A968="0" A969="0" A4000="L" A4001="L" A4013="0"/>
 </O52>
 <O52 Build="17406" A1="52/116428" A3="0" A13="0" A14="0" A404="1" A405="64" A406="0" A407="0" A411="450" A412="L" A413="L" A414="L" A415="L" A416="0" A501="379/261.5" A503="0" A506="0" A511="" A941="11022" A942="0" A943="20000" A944="0" A945="1" A946="0" A947="1" A949="-4" A950="" A4017="" A4019="2147483647" A4020="-1" A4051="-1" A4052="-2" A4064="0">
 <S54x505 A961="2.5" A962="0" A963="0" A964="L" A965="0" A966="5" A967="0" A968="0" A969="0" A4000="L" A4001="L" A4013="0"/>
 </O52>
 <O52 Build="17406" A1="52/116429" A3="0" A13="0" A14="0" A404="1" A405="64" A406="0" A407="0" A411="450" A412="L" A413="L" A414="L" A415="L" A416="0" A501="252.5/261.5" A503="0" A506="0" A511="" A941="11031" A942="0" A943="20000" A944="0" A945="1" A946="0" A947="1" A949="-4" A950="" A4017="" A4019="2147483647" A4020="-1" A4051="-1" A4052="-2" A4064="0">
 <S54x505 A961="2.5" A962="0" A963="0" A964="L" A965="0" A966="4" A967="0" A968="0" A969="0" A4000="L" A4001="L" A4013="0"/>
 </O52>
 <O52 Build="17406" A1="52/116430" A3="0" A13="0" A14="0" A404="1" A405="64" A406="0" A407="0" A411="450" A412="L" A413="L" A414="L" A415="L" A416="0" A501="82.5/261.5" A503="0" A506="0" A511="" A941="11011" A942="0" A943="20000" A944="0" A945="1" A946="0" A947="1" A949="-4" A950="" A4017="" A4019="2147483647" A4020="-1" A4051="-1" A4052="-2" A4064="0">
 <S54x505 A961="2.5" A962="0" A963="0" A964="L" A965="0" A966="4" A967="0" A968="0" A969="0" A4000="L" A4001="L" A4013="0"/>
 </O52>
 <O52 Build="17406" A1="52/116431" A3="0" A13="0" A14="0" A404="1" A405="64" A406="0" A407="0" A411="450" A412="L" A413="L" A414="L" A415="L" A416="0" A501="348/261.5" A503="0" A506="0" A511="" A941="11024" A942="0" A943="20000" A944="0" A945="1" A946="0" A947="1" A949="-4" A950="" A4017="" A4019="2147483647" A4020="-1" A4051="-1" A4052="-2" A4064="0">
 <S54x505 A961="2.5" A962="0" A963="0" A964="L" A965="0" A966="5" A967="0" A968="0" A969="0" A4000="L" A4001="L" A4013="0"/>
 </O52>
 </O51>
</EplanPxfRoot>
