<?xml version="1.0" encoding="utf-8" ?>
<EplanPxfRoot Name="F06_002" Type="Form" Version="2022.0.17406" PxfVersion="1.23" SchemaVersion="1.7.17406" Source="" SourceProject="D:\Master Data\Forms\Translate20.elk" Description="" ConfigurationFlags="65536" NumMainObjects="0" NumProjectSteps="0" NumMDSteps="0" StreamSchema="EBitmap, ,2,1,2;EPosition3D, ,0,3,2;ERay3D, ,0,4,2;EStreamableVector, ,0,5,2;BaseTextLine@W3D, ,2,9,2;Box3d@W3D, ,0,10,2;DMNCDataSet, ,1,12,2;DMNCDataSetVector, ,1,13,2;Linetype@W3D, ,0,15,2;Color@W3D, ,0,16,2;Material@W3D, ,3,17,2;Mesh3d@W3D, ,8,19,2;Mesh3dX@W3D, ,2,20,2;MeshBox@W3D, ,5,21,2;MeshEdge3d@W3D, ,0,22,2;MeshFace3d@W3D, ,2,23,2;MeshPoint3d@W3D, ,1,24,2;MeshPolygon3d@W3D, ,1,25,2;MeshSimpleTextureTriangle3d@W3D, ,2,26,2;MeshSimpleTriangle3d@W3D, ,1,27,2;MeshText3dX@W3D, ,0,28,2;MeshTriangle3d@W3D, ,2,29,2;MeshTriangleFace3d@W3D, ,0,30,2;MeshTriangleFaceEdge3D@W3D, ,0,31,2;CTexture@W3D,W3dBaseGeometry,0,81,2;MeshMate@W3D,W3dMeshModeller,7,82,2;MeshMateFace@W3D,W3dMeshModeller,1,83,2;MeshMateGrid@W3D,W3dMeshModeller,8,84,2;MeshMateGridLine@W3D,W3dMeshModeller,1,85,2;MeshMateLine@W3D,W3dMeshModeller,1,86,2">
 <O76 Build="17406" A1="76/116529" A3="0" A13="0" A14="0" A1422="1" A1423="1" A1424="0" A1425="" A1426="1000" A1427="0" A1428="5" A1429="0" A1430="1" A1433="0" A1434="0" A1435="0">
 <S54x1432 A961="2" A962="0" A963="0" A964="0" A965="0" A966="7" A967="0" A968="0" A969="0" A4000="100" A4001="0" A4013="0"/>
 </O76>
 <O51 Build="17406" A1="51/116491" A3="0" A13="0" A14="0" A404="1" A405="64" A406="0" A407="0" A431="1" A901="14" A902="F06_002">
 <P11 P13002="1" P13003="1120;0" P13005="28" P13007="8" P13008="0" P13019="1;1|5;1|6;:|5;1|3;1|5;1|6;-|5;1|4;1" P13060="1" P13102="1" P13105="1" P14020="EPL" P14021="1113212796" P14022="EPL" P14023="1615977345" P18000="F06_002" P18011="de_DE@Inhaltsverzeichnis&#10;DIN A3 Querformat&#10;1 Spalte&#10;28 Zeilen;en_US@Table of contents&#10;DIN A3 Landscape format&#10;1 Column&#10;28 Rows;es_ES@Indice de páginas&#10;DIN A3 Formato horizontal&#10;1 Columna&#10;28 Filas;fr_FR@Table des matières&#10;DIN A3 Format paysage&#10;1 Colonne&#10;28 Lignes;nl_NL@Inhoudsopgave&#10;DIN A3 Liggend&#10;1 Kolom&#10;28 Rijen;sv_SE@Innehållsförteckning&#10;DIN A3 Liggande&#10;1 Kolumn&#10;28 Rader;da_DK@Indholdsfortegnelse&#10;DIN A3 Tværformat&#10;1 Spalte&#10;28 Rækken;ru_RU@Содержание&#10;DIN A3 Гориз. формат&#10;1 Столбец&#10;28 Строки;zh_CN@目录&#10;DIN A3 水平格式&#10;1 列&#10;28 行;pl_PL@Spis treści&#10;DIN A3 Format poziomy&#10;1 Kolumna&#10;28 Wiersze;pt_BR@Índice&#10;DIN A3 Formato paisagem&#10;1 Coluna&#10;28 Linhas;cs_CZ@Obsah&#10;DIN A3 Formát na šířku&#10;1 Sloupec&#10;28 Řádky;it_IT@Sommario delle pagine&#10;DIN A3 Orizzontale&#10;1 Colonna&#10;28 Righe;hu_HU@Tartalomjegyzék&#10;DIN A3 Keresztformátum&#10;1 Oszlop&#10;28 Sorok;pt_PT@Tabela de conteúdos&#10;DIN A3 Formato horizontal&#10;1 Coluna&#10;28 Linhas;ko_KR@목차&#10;DIN A3 가로 형식&#10;1 열&#10;28 행;ja_JP@目次&#10;DIN A3 横長書式&#10;1 列&#10;28 行;tr_TR@İçindekiler dizini&#10;DIN A3 Yatay format&#10;1 Sütun&#10;28 Satırlar;ro_RO@Cuprins&#10;DIN A3 Tip vedere&#10;1 Coloană&#10;28 Rânduri;zh_TW@目錄&#10;DIN A3 橫向格式&#10;1 欄&#10;28 列;" P18061="4"/>
 <O128 Build="17406" A1="128/116492" A3="0" A13="0" A14="0" A404="1" A405="64" A406="0" A407="0" A411="316" A412="0" A413="4" A414="1" A415="L" A416="1" A1651="12/232" A1652="408/240" A1653="0" A1654="0" A1655="0" A1656="0" A1657="0" A2096="1" A2097="0" A2099="0" A2100="" A4010="0"/>
 <O31 Build="17406" A1="31/116493" A3="0" A13="0" A14="0" A404="1" A405="64" A406="0" A407="0" A411="200" A412="0" A413="L" A414="0.13" A415="L" A416="1" A531="104/239.85" A532="104/232.15"/>
 <O30 Build="17406" A1="30/116494" A3="0" A13="0" A14="0" A404="49" A405="64" A406="0" A407="0" A411="200" A412="L" A413="L" A414="L" A415="L" A416="0" A501="198/266" A503="0" A506="25" A511="de_DE@Seitenbeschreibung;en_US@Page description;da_DK@Sidebeskrivelse;sv_SE@Bladbeskrivning;nl_NL@Paginabeschrijving;fr_FR@Description de page;es_ES@Descripción de página;ru_RU@Описание страниц;zh_CN@页描述;pl_PL@Opis stron;pt_BR@Descrição da página;cs_CZ@Popis stran;it_IT@Descrizione pagina;hu_HU@Tervlap leírás;pt_PT@Descrição da página;ko_KR@페이지 설명;ja_JP@ページ説明;tr_TR@Sayfa açıklaması;ro_RO@Descriere pagină;zh_TW@頁面說明;">
 <S54x505 A961="3" A962="0" A963="0" A964="L" A965="16" A966="5" A967="120" A968="12" A969="0" A4000="L" A4001="L" A4013="0"/>
 </O30>
 <O30 Build="17406" A1="30/116495" A3="0" A13="0" A14="0" A404="49" A405="64" A406="0" A407="0" A411="200" A412="L" A413="L" A414="L" A415="L" A416="0" A501="302/266" A503="0" A506="25" A511="de_DE@Seitenzusatzfeld;en_US@supplementary page field;da_DK@Sidetillægsfelt;sv_SE@Sidoextrafält;nl_NL@Extra paginaveld;fr_FR@Champ supplémentaire de page;es_ES@Campo adicional de página;ru_RU@Доп. поле страницы;zh_CN@增补页字段;pl_PL@Dodatkowe pole strony;pt_BR@Campo suplementar de páginas;cs_CZ@Doplňkové pole strany;it_IT@Campo aggiuntivo delle pagine;hu_HU@Tervlap kiegészítő mező;pt_PT@Campo suplementar da página;ko_KR@보조 페이지 필드;ja_JP@補足ページ フィールド;tr_TR@Sayfa ek alanı;ro_RO@Câmp suplimentar pagini;zh_TW@補充頁面欄位;">
 <S54x505 A961="3" A962="0" A963="0" A964="L" A965="16" A966="5" A967="80" A968="12" A969="0" A4000="L" A4001="L" A4013="0"/>
 </O30>
 <O30 Build="17406" A1="30/116496" A3="0" A13="0" A14="0" A404="49" A405="64" A406="0" A407="0" A411="200" A412="L" A413="L" A414="L" A415="L" A416="0" A501="120/266" A503="0" A506="25" A511="de_DE@Seite;en_US@Page;da_DK@Side;sv_SE@Blad;nl_NL@Pagina;fr_FR@Page;es_ES@Página;ru_RU@Страница;zh_CN@页;pl_PL@Strona;pt_BR@Página;cs_CZ@Strana;it_IT@Pagina;hu_HU@Tervlap;pt_PT@Página;ko_KR@페이지;ja_JP@ページ;tr_TR@Sayfa;ro_RO@Pagină;zh_TW@頁面;">
 <S54x505 A961="3" A962="0" A963="0" A964="L" A965="16" A966="5" A967="28" A968="12" A969="0" A4000="L" A4001="L" A4013="0"/>
 </O30>
 <O30 Build="17406" A1="30/116497" A3="0" A13="0" A14="0" A404="49" A405="64" A406="0" A407="0" A411="200" A412="L" A413="L" A414="L" A415="L" A416="0" A501="392/266" A503="0" A506="25" A511="de_DE@Bearbeiter;en_US@Edited by;da_DK@Redigeret af;sv_SE@Redigerare;nl_NL@Bewerker;fr_FR@Editeur;es_ES@Responsable;ru_RU@Обработчик;zh_CN@编辑者;pl_PL@Opracował;pt_BR@Editor;cs_CZ@Zpracoval;it_IT@Elaboratore;hu_HU@Szerkesztő;pt_PT@Editor;ko_KR@편집자;ja_JP@編集者;tr_TR@Düzenleyen;ro_RO@Editor;zh_TW@編輯者;">
 <S54x505 A961="3" A962="0" A963="0" A964="L" A965="16" A966="5" A967="28" A968="12" A969="0" A4000="L" A4001="L" A4013="0"/>
 </O30>
 <O31 Build="17406" A1="31/116498" A3="0" A13="0" A14="0" A404="1" A405="64" A406="0" A407="0" A411="200" A412="0" A413="L" A414="L" A415="L" A416="1" A531="12/208" A532="408/208"/>
 <O31 Build="17406" A1="31/116499" A3="0" A13="0" A14="0" A404="1" A405="64" A406="0" A407="0" A411="200" A412="0" A413="L" A414="0.25" A415="L" A416="1" A531="260/272" A532="260/260"/>
 <O30 Build="17406" A1="30/116500" A3="0" A13="0" A14="0" A404="17" A405="64" A406="0" A407="0" A411="200" A412="L" A413="L" A414="L" A415="L" A416="0" A501="12/276" A503="0" A506="0" A511="de_DE@Inhaltsverzeichnis;en_US@Table of contents;da_DK@Indholdsfortegnelse;sv_SE@Innehållsförteckning;nl_NL@Inhoudsopgave;fr_FR@Table des matières;es_ES@Indice de páginas;ru_RU@Содержание;zh_CN@目录;pl_PL@Spis treści;pt_BR@Índice;cs_CZ@Obsah;it_IT@Sommario delle pagine;hu_HU@Tartalomjegyzék;pt_PT@Tabela de conteúdos;ko_KR@목차;ja_JP@目次;tr_TR@İçindekiler dizini;ro_RO@Cuprins;zh_TW@目錄;">
 <S54x505 A961="6" A962="0" A963="0" A964="L" A965="0" A966="10" A967="0" A968="0" A969="0" A4000="L" A4001="L" A4013="0"/>
 </O30>
 <O31 Build="17406" A1="31/116501" A3="0" A13="0" A14="0" A404="1" A405="64" A406="0" A407="0" A411="200" A412="0" A413="L" A414="0.25" A415="L" A416="1" A531="60/272" A532="60/260"/>
 <O30 Build="17406" A1="30/116502" A3="0" A13="0" A14="0" A404="49" A405="64" A406="0" A407="0" A411="200" A412="L" A413="L" A414="L" A415="L" A416="0" A501="82/266" A503="0" A506="25" A511="de_DE@Ortskennzeichen;en_US@Location designation;es_ES@Designación de localización;fr_FR@Identificateur de localisation;nl_NL@Locatie aanduiding;sv_SE@Placeringsbeteckning;da_DK@Lokationsbetegnelse;ru_RU@Место установки;zh_CN@位置代号;pl_PL@Oznaczenie miejsca;pt_BR@Designação de localização;cs_CZ@Označení umístění;it_IT@Luogo di montaggio;hu_HU@Beépítési hely;pt_PT@Designação da localização;ko_KR@부착 영역;ja_JP@位置観点;tr_TR@Konum tanımlayıcısı;ro_RO@Denumire locație;zh_TW@位置代號;">
 <S54x505 A961="3" A962="0" A963="0" A964="L" A965="16" A966="5" A967="40" A968="12" A969="0" A4000="L" A4001="L" A4013="0"/>
 </O30>
 <O53 Build="17406" A1="53/116503" A3="0" A13="0" A14="0" A404="1" A405="64" A406="0" A407="0" A411="452" A412="0" A413="L" A414="L" A415="L" A416="0" A501="407.98328831832/276.009707361373" A503="0" A506="0" A771="11015" A772="0" A773="0" A774="0" A951="4" A952="0" A953="0" A954="0" A955="0">
 <S54x505 A961="2.5" A962="0" A963="0" A964="L" A965="0" A966="12" A967="0" A968="0" A969="0" A4000="L" A4001="L" A4013="0"/>
 </O53>
 <O31 Build="17406" A1="31/116504" A3="0" A13="0" A14="0" A404="1" A405="64" A406="0" A407="0" A411="200" A412="0" A413="L" A414="0.25" A415="L" A416="1" A531="376/272" A532="376/260"/>
 <O31 Build="17406" A1="31/116505" A3="0" A13="0" A14="0" A404="1" A405="64" A406="0" A407="0" A411="200" A412="0" A413="L" A414="0.25" A415="L" A416="1" A531="104/272" A532="104/260"/>
 <O31 Build="17406" A1="31/116506" A3="0" A13="0" A14="0" A404="1" A405="64" A406="0" A407="0" A411="200" A412="0" A413="L" A414="0.13" A415="L" A416="1" A531="136/239.85" A532="136/232.15"/>
 <O31 Build="17406" A1="31/116507" A3="0" A13="0" A14="0" A404="1" A405="64" A406="0" A407="0" A411="200" A412="0" A413="L" A414="0.13" A415="L" A416="1" A531="344/239.85" A532="344/232.15"/>
 <O31 Build="17406" A1="31/116508" A3="0" A13="0" A14="0" A404="1" A405="64" A406="0" A407="0" A411="200" A412="0" A413="L" A414="0.25" A415="L" A416="1" A531="344/272" A532="344/260"/>
 <O30 Build="17406" A1="30/116509" A3="0" A13="0" A14="0" A404="49" A405="64" A406="0" A407="0" A411="200" A412="L" A413="L" A414="L" A415="L" A416="0" A501="36/266" A503="0" A506="25" A511="de_DE@Funktionskennzeichen;en_US@Function designation;es_ES@Designación de función;fr_FR@Identificateur de fonction;nl_NL@Functie aanduiding;sv_SE@Funktionsbeteckning;da_DK@Funktionsbetegnelse;ru_RU@Функциональное назначение;zh_CN@高层代号;pl_PL@Oznaczenie funkcji;pt_BR@Designação de função;cs_CZ@Označení funkce;it_IT@Identificativo della funzione;hu_HU@Főcsoport;pt_PT@Designação da função;ko_KR@상위 레벨 기능;ja_JP@機能観点;tr_TR@Fonksiyon tanımlayıcısı;ro_RO@Funcție superioară;zh_TW@功能代號;">
 <S54x505 A961="3" A962="0" A963="0" A964="L" A965="16" A966="5" A967="44" A968="12" A969="0" A4000="L" A4001="L" A4013="0"/>
 </O30>
 <O89 Build="17406" A1="89/116510" A3="0" A13="0" A14="0" A404="1" A405="64" A406="0" A407="0" A411="200" A412="0" A413="L" A414="0.13" A415="L" A416="1" A1651="60/232" A1652="376/240" A1653="0" A1654="0" A1655="0" A1656="0" A1657="0"/>
 <O31 Build="17406" A1="31/116511" A3="0" A13="0" A14="0" A404="1" A405="64" A406="0" A407="0" A411="200" A412="0" A413="L" A414="0.25" A415="L" A416="1" A531="136/272" A532="136/260"/>
 <O30 Build="17406" A1="30/116512" A3="0" A13="0" A14="0" A404="49" A405="64" A406="0" A407="0" A411="200" A412="L" A413="L" A414="L" A415="L" A416="0" A501="360/266" A503="0" A506="25" A511="de_DE@Datum;en_US@Date;da_DK@Dato;sv_SE@Datum;nl_NL@Datum;fr_FR@Date;es_ES@Fecha;ru_RU@Дата;zh_CN@日期;pl_PL@Data;pt_BR@Data;cs_CZ@Datum;it_IT@Data;hu_HU@Dátum;pt_PT@Data;ko_KR@날짜;ja_JP@日付;tr_TR@Tarih;ro_RO@Data;zh_TW@日期;">
 <S54x505 A961="3" A962="0" A963="0" A964="L" A965="16" A966="5" A967="28" A968="12" A969="0" A4000="L" A4001="L" A4013="0"/>
 </O30>
 <O89 Build="17406" A1="89/116513" A3="0" A13="0" A14="0" A404="1" A405="64" A406="0" A407="0" A411="200" A412="0" A413="L" A414="0.35" A415="L" A416="1" A1651="12/260" A1652="408/272" A1653="0" A1654="0" A1655="0" A1656="0" A1657="0"/>
 <O31 Build="17406" A1="31/116514" A3="0" A13="0" A14="0" A404="1" A405="64" A406="0" A407="0" A411="200" A412="0" A413="L" A414="0.13" A415="L" A416="1" A531="260/239.85" A532="260/232.15"/>
 <O128 Build="17406" A1="128/116515" A3="0" A13="0" A14="0" A404="1" A405="64" A406="0" A407="0" A411="316" A412="0" A413="4" A414="1" A415="L" A416="1" A1651="12/252" A1652="408/260" A1653="0" A1654="0" A1655="0" A1656="0" A1657="0" A2096="2" A2097="0" A2099="0" A2100="" A4010="0"/>
 <O31 Build="17406" A1="31/116516" A3="0" A13="0" A14="0" A404="1" A405="64" A406="0" A407="0" A411="200" A412="L" A413="L" A414="L" A415="L" A416="0" A531="12/240" A532="12/232"/>
 <O31 Build="17406" A1="31/116517" A3="0" A13="0" A14="0" A404="1" A405="64" A406="0" A407="0" A411="200" A412="0" A413="L" A414="0.13" A415="L" A416="0" A531="12/260" A532="60/260"/>
 <O31 Build="17406" A1="31/116518" A3="0" A13="0" A14="0" A404="1" A405="64" A406="0" A407="0" A411="200" A412="0" A413="L" A414="0.13" A415="L" A416="0" A531="376/240" A532="408/240"/>
 <O31 Build="17406" A1="31/116519" A3="0" A13="0" A14="0" A404="1" A405="64" A406="0" A407="0" A411="200" A412="L" A413="L" A414="L" A415="L" A416="0" A531="408/240" A532="408/232"/>
 <O31 Build="17406" A1="31/116520" A3="0" A13="0" A14="0" A404="1" A405="64" A406="0" A407="0" A411="200" A412="0" A413="L" A414="0.13" A415="L" A416="0" A531="376/232" A532="408/232"/>
 <O128 Build="17406" A1="128/116521" A3="0" A13="0" A14="0" A404="1" A405="64" A406="0" A407="0" A411="200" A412="L" A413="4" A414="1" A415="L" A416="0" A1651="12/208" A1652="408/208" A1653="0" A1654="0" A1655="0" A1656="0" A1657="0" A2096="20" A2097="0" A2099="36" A2100="" A4010="0"/>
 <O52 Build="17406" A1="52/116522" A3="0" A13="0" A14="0" A404="1" A405="64" A406="0" A407="0" A411="450" A412="0" A413="L" A414="L" A415="L" A416="0" A501="126/236" A503="0" A506="22" A511="" A941="11000" A942="0" A943="20000" A944="0" A945="1" A946="0" A947="1" A949="-4" A950="" A4017="" A4019="2147483647" A4020="-1" A4051="-1" A4052="-2" A4064="0">
 <S54x505 A961="2.5" A962="0" A963="0" A964="L" A965="0" A966="6" A967="0" A968="0" A969="0" A4000="L" A4001="L" A4013="0"/>
 </O52>
 <O52 Build="17406" A1="52/116523" A3="0" A13="0" A14="0" A404="1" A405="64" A406="0" A407="0" A411="450" A412="L" A413="L" A414="L" A415="L" A416="0" A501="392/236" A503="0" A506="0" A511="" A941="11022" A942="0" A943="20000" A944="0" A945="1" A946="0" A947="1" A949="-4" A950="" A4017="" A4019="2147483647" A4020="-1" A4051="-1" A4052="-2" A4064="0">
 <S54x505 A961="2.5" A962="0" A963="0" A964="L" A965="0" A966="5" A967="0" A968="0" A969="0" A4000="L" A4001="L" A4013="0"/>
 </O52>
 <O52 Build="17406" A1="52/116524" A3="0" A13="0" A14="0" A404="33" A405="64" A406="0" A407="0" A411="450" A412="0" A413="L" A414="L" A415="L" A416="0" A501="36/256" A503="0" A506="22" A511="" A941="1120" A942="0" A943="20000" A944="0" A945="1" A946="0" A947="1" A949="-4" A950="" A4017="" A4019="2147483647" A4020="-1" A4051="-1" A4052="-2" A4064="0">
 <S54x505 A961="2.5" A962="0" A963="0" A964="L" A965="128" A966="5" A967="43" A968="6" A969="0" A4000="L" A4001="L" A4013="0"/>
 </O52>
 <O52 Build="17406" A1="52/116525" A3="0" A13="0" A14="0" A404="1" A405="64" A406="0" A407="0" A411="450" A412="L" A413="L" A414="L" A415="L" A416="0" A501="360/236" A503="0" A506="0" A511="" A941="11024" A942="0" A943="20000" A944="0" A945="1" A946="0" A947="1" A949="-4" A950="" A4017="" A4019="2147483647" A4020="-1" A4051="-1" A4052="-2" A4064="0">
 <S54x505 A961="2.5" A962="0" A963="0" A964="L" A965="0" A966="5" A967="0" A968="0" A969="0" A4000="L" A4001="L" A4013="0"/>
 </O52>
 <O52 Build="17406" A1="52/116526" A3="0" A13="0" A14="0" A404="33" A405="64" A406="0" A407="0" A411="450" A412="L" A413="L" A414="L" A415="L" A416="0" A501="138.5/236" A503="0" A506="22" A511="" A941="11011" A942="0" A943="20000" A944="0" A945="1" A946="0" A947="1" A949="-4" A950="" A4017="" A4019="2147483647" A4020="-1" A4051="-1" A4052="-2" A4064="0">
 <S54x505 A961="2.5" A962="0" A963="0" A964="L" A965="144" A966="4" A967="119" A968="6" A969="0" A4000="L" A4001="L" A4013="0"/>
 </O52>
 <O52 Build="17406" A1="52/116527" A3="0" A13="0" A14="0" A404="1" A405="64" A406="0" A407="0" A411="450" A412="L" A413="L" A414="L" A415="L" A416="0" A501="82.5/236" A503="0" A506="0" A511="" A941="1220" A942="0" A943="20000" A944="0" A945="1" A946="0" A947="1" A949="-4" A950="" A4017="" A4019="2147483647" A4020="-1" A4051="-1" A4052="-2" A4064="0">
 <S54x505 A961="2.5" A962="0" A963="0" A964="L" A965="0" A966="5" A967="0" A968="0" A969="0" A4000="L" A4001="L" A4013="0"/>
 </O52>
 <O52 Build="17406" A1="52/116528" A3="0" A13="0" A14="0" A404="33" A405="64" A406="0" A407="0" A411="450" A412="L" A413="L" A414="L" A415="L" A416="0" A501="262.5/236" A503="0" A506="22" A511="" A941="11059" A942="0" A943="20000" A944="0" A945="1" A946="0" A947="1" A949="-4" A950="" A4017="" A4019="2147483647" A4020="-1" A4051="-1" A4052="-2" A4064="0">
 <S54x505 A961="2.5" A962="0" A963="0" A964="L" A965="144" A966="4" A967="79" A968="6" A969="0" A4000="L" A4001="L" A4013="0"/>
 </O52>
 </O51>
</EplanPxfRoot>
